Vivado Simulator 2017.1
Copyright 1986-1999, 2001-2016 Xilinx, Inc. All Rights Reserved.
Running: /esat/micas-data/software/xilinx_vivado_2017.1/Vivado/2017.1/bin/unwrapped/lnx64.o/xelab -wto f8a4f9f7f41a49e684f0b4c641be48c2 --debug typical --relax --mt 8 -L xil_defaultlib -L secureip --snapshot AES128_tb_func_synth xil_defaultlib.AES128_tb -log elaborate.log 
Using 8 slave threads.
Starting static elaboration
Completed static elaboration
Starting simulation data flow analysis
Completed simulation data flow analysis
Time Resolution for simulation is 1ps
Compiling package std.standard
Compiling package std.textio
Compiling package ieee.std_logic_1164
Compiling package ieee.std_logic_textio
Compiling package xil_defaultlib.pkg_aes128
Compiling package unisim.vcomponents
Compiling package ieee.vital_timing
Compiling package ieee.vital_primitives
Compiling package unisim.vpkg
Compiling package ieee.numeric_std
Compiling architecture lut3_v of entity unisim.LUT3 [\LUT3(init="01000000")(0,7)\]
Compiling architecture lut3_v of entity unisim.LUT3 [\LUT3(init="10000000")(0,7)\]
Compiling architecture lut2_v of entity unisim.LUT2 [\LUT2(init="1110")(0,3)\]
Compiling architecture lut4_v of entity unisim.LUT4 [\LUT4(init="0000010001010101")(0...]
Compiling architecture lut3_v of entity unisim.LUT3 [\LUT3(init="00000110")(0,7)\]
Compiling architecture lut6_v of entity unisim.LUT6 [\LUT6(init="11111111101011001111...]
Compiling architecture lut4_v of entity unisim.LUT4 [\LUT4(init="0100010000100000")(0...]
Compiling architecture lut6_v of entity unisim.LUT6 [\LUT6(init="10101010000000001011...]
Compiling architecture lut6_v of entity unisim.LUT6 [\LUT6(init="00000010111111110000...]
Compiling architecture fdce_v of entity unisim.FDCE [fdce_default]
Compiling architecture lut2_v of entity unisim.LUT2 [\LUT2(init="1000")(0,3)\]
Compiling architecture lut3_v of entity unisim.LUT3 [\LUT3(init="11101010")(0,7)\]
Compiling architecture lut6_v of entity unisim.LUT6 [\LUT6(init="10101010101010101010...]
Compiling architecture lut2_v of entity unisim.LUT2 [\LUT2(init="0010")(0,3)\]
Compiling architecture lut3_v of entity unisim.LUT3 [\LUT3(init="10101100")(0,7)\]
Compiling architecture lut6_v of entity unisim.LUT6 [\LUT6(init="00010100000001001110...]
Compiling architecture lut6_v of entity unisim.LUT6 [\LUT6(init="00000100010000001111...]
Compiling architecture lut6_v of entity unisim.LUT6 [\LUT6(init="00000100000100001111...]
Compiling architecture lut6_v of entity unisim.LUT6 [\LUT6(init="00000110001000001111...]
Compiling architecture lut6_v of entity unisim.LUT6 [\LUT6(init="00000010001000001111...]
Compiling architecture lut6_v of entity unisim.LUT6 [\LUT6(init="00000001000000001111...]
Compiling architecture lut4_v of entity unisim.LUT4 [\LUT4(init="0000000000000001")(0...]
Compiling architecture lut3_v of entity unisim.LUT3 [\LUT3(init="00000100")(0,7)\]
Compiling architecture lut4_v of entity unisim.LUT4 [\LUT4(init="1010101000111100")(0...]
Compiling architecture lut1_v of entity unisim.LUT1 [\LUT1(init="0001")(0,3)\]
Compiling architecture lut2_v of entity unisim.LUT2 [\LUT2(init="0110")(0,3)\]
Compiling architecture lut4_v of entity unisim.LUT4 [\LUT4(init="0111011100001000")(0...]
Compiling architecture lut3_v of entity unisim.LUT3 [\LUT3(init="10101000")(0,7)\]
Compiling architecture lut4_v of entity unisim.LUT4 [\LUT4(init="0111100001110000")(0...]
Compiling architecture lut5_v of entity unisim.LUT5 [\LUT5(init="01100110011001100110...]
Compiling architecture structure of entity xil_defaultlib.Control_FSM [control_fsm_default]
Compiling architecture lut6_v of entity unisim.LUT6 [\LUT6(init="10110001010011101101...]
Compiling architecture lut6_v of entity unisim.LUT6 [\LUT6(init="01111011101011100000...]
Compiling architecture lut6_v of entity unisim.LUT6 [\LUT6(init="10100001011000111000...]
Compiling architecture lut6_v of entity unisim.LUT6 [\LUT6(init="00010000100100000010...]
Compiling architecture lut6_v of entity unisim.LUT6 [\LUT6(init="11000010101100001111...]
Compiling architecture lut6_v of entity unisim.LUT6 [\LUT6(init="11111000000001000101...]
Compiling architecture lut6_v of entity unisim.LUT6 [\LUT6(init="10011000000010100011...]
Compiling architecture lut6_v of entity unisim.LUT6 [\LUT6(init="01011100101010100010...]
Compiling architecture lut6_v of entity unisim.LUT6 [\LUT6(init="01101000101010110100...]
Compiling architecture lut6_v of entity unisim.LUT6 [\LUT6(init="11100110000110100100...]
Compiling architecture lut6_v of entity unisim.LUT6 [\LUT6(init="00100011101010000110...]
Compiling architecture lut6_v of entity unisim.LUT6 [\LUT6(init="00100101011010001110...]
Compiling architecture lut6_v of entity unisim.LUT6 [\LUT6(init="11110111111100010111...]
Compiling architecture lut6_v of entity unisim.LUT6 [\LUT6(init="01101011110000101010...]
Compiling architecture lut6_v of entity unisim.LUT6 [\LUT6(init="11100100100001010001...]
Compiling architecture lut6_v of entity unisim.LUT6 [\LUT6(init="11100111101110101100...]
Compiling architecture lut6_v of entity unisim.LUT6 [\LUT6(init="00010000101111011011...]
Compiling architecture lut6_v of entity unisim.LUT6 [\LUT6(init="01101010010001010000...]
Compiling architecture lut6_v of entity unisim.LUT6 [\LUT6(init="01010111011111010110...]
Compiling architecture lut6_v of entity unisim.LUT6 [\LUT6(init="11101001110110101000...]
Compiling architecture lut6_v of entity unisim.LUT6 [\LUT6(init="00100110001001001011...]
Compiling architecture lut6_v of entity unisim.LUT6 [\LUT6(init="01111101100011011100...]
Compiling architecture lut6_v of entity unisim.LUT6 [\LUT6(init="00111111011010111100...]
Compiling architecture lut6_v of entity unisim.LUT6 [\LUT6(init="01001100101100110111...]
Compiling architecture lut6_v of entity unisim.LUT6 [\LUT6(init="01001111000111101010...]
Compiling architecture lut6_v of entity unisim.LUT6 [\LUT6(init="11001000011100001001...]
Compiling architecture lut6_v of entity unisim.LUT6 [\LUT6(init="10101100001110011011...]
Compiling architecture lut6_v of entity unisim.LUT6 [\LUT6(init="01001110100111011101...]
Compiling architecture lut6_v of entity unisim.LUT6 [\LUT6(init="11110010000100001010...]
Compiling architecture lut6_v of entity unisim.LUT6 [\LUT6(init="01010100101100100100...]
Compiling architecture lut6_v of entity unisim.LUT6 [\LUT6(init="00100001111000001011...]
Compiling architecture lut6_v of entity unisim.LUT6 [\LUT6(init="01010010001101111001...]
Compiling architecture muxf7_v of entity unisim.MUXF7 [muxf7_default]
Compiling architecture muxf8_v of entity unisim.MUXF8 [muxf8_default]
Compiling architecture structure of entity xil_defaultlib.ByteSub_15 [bytesub_15_default]
Compiling architecture structure of entity xil_defaultlib.ByteSub_16 [bytesub_16_default]
Compiling architecture structure of entity xil_defaultlib.ByteSub_17 [bytesub_17_default]
Compiling architecture lut6_v of entity unisim.LUT6 [\LUT6(init="10101111101000001100...]
Compiling architecture structure of entity xil_defaultlib.ByteSub_18 [bytesub_18_default]
Compiling architecture lut6_v of entity unisim.LUT6 [\LUT6(init="10101010101010101010...]
Compiling architecture lut6_v of entity unisim.LUT6 [\LUT6(init="00010001000111011101...]
Compiling architecture lut6_v of entity unisim.LUT6 [\LUT6(init="10101010101010101010...]
Compiling architecture lut5_v of entity unisim.LUT5 [\LUT5(init="10101010101010101100...]
Compiling architecture lut6_v of entity unisim.LUT6 [\LUT6(init="01001011101101000100...]
Compiling architecture structure of entity xil_defaultlib.Keyscheduler [keyscheduler_default]
Compiling architecture lut6_v of entity unisim.LUT6 [\LUT6(init="01000111101110001011...]
Compiling architecture lut5_v of entity unisim.LUT5 [\LUT5(init="10010110011010010110...]
Compiling architecture lut6_v of entity unisim.LUT6 [\LUT6(init="10101010000000001010...]
Compiling architecture lut6_v of entity unisim.LUT6 [\LUT6(init="01010110010101100101...]
Compiling architecture lut5_v of entity unisim.LUT5 [\LUT5(init="10011001100101100110...]
Compiling architecture lut6_v of entity unisim.LUT6 [\LUT6(init="00011101000111010001...]
Compiling architecture structure of entity xil_defaultlib.ByteSub [bytesub_default]
Compiling architecture lut6_v of entity unisim.LUT6 [\LUT6(init="10111000011101001000...]
Compiling architecture lut6_v of entity unisim.LUT6 [\LUT6(init="01101001100101101001...]
Compiling architecture lut6_v of entity unisim.LUT6 [\LUT6(init="01100101011010101001...]
Compiling architecture structure of entity xil_defaultlib.ByteSub_0 [bytesub_0_default]
Compiling architecture lut5_v of entity unisim.LUT5 [\LUT5(init="10111000010001110100...]
Compiling architecture structure of entity xil_defaultlib.ByteSub_1 [bytesub_1_default]
Compiling architecture lut5_v of entity unisim.LUT5 [\LUT5(init="10011010100101010110...]
Compiling architecture structure of entity xil_defaultlib.ByteSub_2 [bytesub_2_default]
Compiling architecture lut5_v of entity unisim.LUT5 [\LUT5(init="10010110100110011001...]
Compiling architecture structure of entity xil_defaultlib.ByteSub_3 [bytesub_3_default]
Compiling architecture lut5_v of entity unisim.LUT5 [\LUT5(init="10100000101000001100...]
Compiling architecture lut6_v of entity unisim.LUT6 [\LUT6(init="01101001011001100110...]
Compiling architecture lut6_v of entity unisim.LUT6 [\LUT6(init="01101001100101100110...]
Compiling architecture structure of entity xil_defaultlib.ByteSub_4 [bytesub_4_default]
Compiling architecture structure of entity xil_defaultlib.ByteSub_5 [bytesub_5_default]
Compiling architecture structure of entity xil_defaultlib.ByteSub_6 [bytesub_6_default]
Compiling architecture structure of entity xil_defaultlib.ByteSub_7 [bytesub_7_default]
Compiling architecture structure of entity xil_defaultlib.ByteSub_8 [bytesub_8_default]
Compiling architecture lut6_v of entity unisim.LUT6 [\LUT6(init="01100110011010011001...]
Compiling architecture lut5_v of entity unisim.LUT5 [\LUT5(init="11100010000111010001...]
Compiling architecture lut6_v of entity unisim.LUT6 [\LUT6(init="00011101111000101110...]
Compiling architecture structure of entity xil_defaultlib.ByteSub_9 [bytesub_9_default]
Compiling architecture lut6_v of entity unisim.LUT6 [\LUT6(init="11000011101010101100...]
Compiling architecture structure of entity xil_defaultlib.ByteSub_10 [bytesub_10_default]
Compiling architecture structure of entity xil_defaultlib.ByteSub_11 [bytesub_11_default]
Compiling architecture structure of entity xil_defaultlib.ByteSub_12 [bytesub_12_default]
Compiling architecture structure of entity xil_defaultlib.ByteSub_13 [bytesub_13_default]
Compiling architecture structure of entity xil_defaultlib.ByteSub_14 [bytesub_14_default]
Compiling architecture structure of entity xil_defaultlib.SubBytes [subbytes_default]
Compiling architecture ibuf_v of entity unisim.IBUF [\IBUF(1,9,1,1,1,4,1,7)\]
Compiling architecture bufgce_v of entity unisim.BUFGCE [\BUFGCE(ce_type="ASYNC")(1,5)\]
Compiling architecture obuf_v of entity unisim.OBUF [\OBUF(1,9,1,7,1,4)\]
Compiling architecture structure of entity xil_defaultlib.AES128 [aes128_default]
Compiling architecture behavioural of entity xil_defaultlib.aes128_tb
Built simulation snapshot AES128_tb_func_synth
