set ucliGUI::state
set ucliGUI::state
ucliCore::getToolPID
synopsys::env hasTB
trigger_hier_stack_context_switch 0
synopsys::xml set_array_limit <data limit="50" />
synopsys::xml set_depth_limit <data limit="100" />
synopsys::xml set_string_limit <data limit="1000" />
synopsys::xml set_only_active_frame <data value="1" />
synopsys::xml set_variable_frame_id <data value="1" />
synUtils::setDVEInitPhase 1
synopsys::dump -type VPD -file /users/students/r0622838/digital-design-flow-aes/01_VERIFICATION/inter.vpd -locking
synopsys::dump -autoflush on -fid VPD0
set ::dve_fid VPD0
synUtils::setDVEInitPhase 0
ucliCore::getToolPID
synUtils::sendTool -active _icl_setToolSocket /tmp/smlnpeZIda6
synUtils::sendTool -active {_icl_start_rpc -version "M-2017.03_Full64" -sync_file /tmp/vcs_dve_rpc.r0622838.31577}
synUtils::sendTool -active {_icl_createSharedMemory /tmp/vcs_dve_general.r0622838.31577}
config endofsim noexit
config onfail enable all
config syscaddplainmembers
config syscaddsourcenames
config syscaddstructtypes
synopsys::listing -disable
synopsys::dump -add {/AES128_TB/DUT/ARK_MUX_OUT_ARK_IN /AES128_TB/DUT/ARK_OUT_REG_IN /AES128_TB/DUT/CE /AES128_TB/DUT/CLEAR_SIGN /AES128_TB/DUT/CLOCK /AES128_TB/DUT/CONTR_OUT_ARK_MUX_SEL /AES128_TB/DUT/CONTR_OUT_DO_MUX_SEL /AES128_TB/DUT/DATA_IN /AES128_TB/DUT/DATA_OUT /AES128_TB/DUT/DI_REG_OUT /AES128_TB/DUT/DONE /AES128_TB/DUT/DONE_SIGN /AES128_TB/DUT/DO_REG_OUT /AES128_TB/DUT/FINAL_DATA_OUT /AES128_TB/DUT/HOLD_DATA_OUT_SIGN /AES128_TB/DUT/KEY /AES128_TB/DUT/KEY_OUT_ARK_IN /AES128_TB/DUT/MC_OUT_ARK_MUX_IN /AES128_TB/DUT/RCON_CONTR_RCON_KEYS /AES128_TB/DUT/READ_DATA_IN_SIGN /AES128_TB/DUT/REG_OUT_SB_IN /AES128_TB/DUT/RESET /AES128_TB/DUT/SB_OUT_SHIFTROW_IN /AES128_TB/DUT/SR_OUT_MC_IN } -aggregates  -fid VPD0
synopsys::run
set ucliGUI::state
set ucliGUI::state
ucliCore::getToolPID
ucliCore::stopTool -no_signal
set ucliGUI::state
set ucliGUI::state
synopsys::xml get_stop_data
if [catch {gui_sim_terminate}] {gui_sim_terminate -kill}
synopsys::finish
set ucliGUI::state
set ucliGUI::state
ucli_exit
