20:32:10    16 -->                                                             [tcl] ucliGUI::connect -toolargs -ucligui -toolexe ./simv -pid 23639 -toolin /tmp/vcs_20190810183206_23638_r0622838..stdin -toolout /tmp/vcs_20190810183206_23638_r0622838..stdout  
20:32:10    17 -->                                                                 [tcl] set ucliGUI::state
20:32:10    18 -->                                                                     [tcl] gui_update_simulator_buttons
20:32:11    19 -->                                                                         [tcl] set ucliGUI::state
20:32:11    20 -->                                                                             [tcl] ucliCore::getToolPID
20:32:11    21 -->                                                                                 [tcl] synopsys::env hasTB
20:32:11    22 -->                                                                                     [tcl] trigger_hier_stack_context_switch 0
20:32:11    23 -->                                                                                         [tcl] synopsys::xml set_array_limit <data limit="50" />
20:32:11    24 -->                                                                                             [tcl] synopsys::xml set_depth_limit <data limit="100" />
20:32:11    25 --> ...  [tcl] synopsys::xml set_string_limit <data limit="1000" />
20:32:11    26 --> ...      [tcl] synopsys::xml set_only_active_frame <data value="1" />
20:32:11    27 --> ...          [tcl] synopsys::xml set_variable_frame_id <data value="1" />
20:32:11    28 --> ...              [tcl] synUtils::setDVEInitPhase 1
20:32:11    29 --> ...                  [tcl] gui_get_env SIMSETUP::SIMVPD
20:32:11    30 --> ...                      [tcl] synopsys::dump -type VPD -file /users/students/r0622838/digital-design-flow-aes/01_VERIFICATION/inter.vpd -locking
20:32:11    31 --> ...                          [tcl] synopsys::dump -autoflush on -fid VPD0
20:32:11    32 --> ...                              [tcl] set ::dve_fid VPD0
20:32:11    33 --> ...                                  [tcl] synUtils::setDVEInitPhase 0
20:32:11    34 --> ...                                      [tcl] ucliCore::getToolPID
20:32:11    35 --> ...                                          [tcl] synUtils::sendTool -active _icl_setToolSocket /tmp/smlnpkLVutk
20:32:11    36 --> ...                                              [tcl] synUtils::sendTool -active {_icl_start_rpc -version "O-2018.09-SP2_Full64" -sync_file /tmp/vcs_dve_rpc.r0622838.23639}
20:32:12    37 --> ...                                                  [tcl] synUtils::sendTool -active {_icl_createSharedMemory /tmp/vcs_dve_general.r0622838.23639}
20:32:12    38 --> ...                                                      [tcl] dveMisc::vbusExpand /AES128_TB
20:32:12    39 --> ...                                                          [tcl] config endofsim noexit
20:32:12    40 --> ...                                                              [tcl] config onfail enable all
20:32:12    41 --> ...                                                                  [tcl] config syscaddplainmembers
20:32:12    42 --> ...                                                                      [tcl] config syscaddsourcenames
20:32:12    43 --> ...                                                                          [tcl] config syscaddstructtypes
20:32:12    44 --> ...                                                                              [tcl] synopsys::listing -disable
20:32:18    45 --> ...                                                                                  [tcl] synopsys::dump -add {/AES128_TB/CE /AES128_TB/CLOCK /AES128_TB/DATA_IN /AES128_TB/DATA_OUT /AES128_TB/DONE /AES128_TB/KEY /AES128_TB/RESET /AES128_TB/TESTNUMBER /AES128_TB/TESTREPORT } -aggregates  -fid VPD0
20:32:27    46 --> ...                                                                                      [tcl] synopsys::run
20:32:27    47 --> ...                                                                                          [tcl] set ucliGUI::state
20:32:27    48 --> ...                                                                                              [tcl] gui_update_simulator_buttons
20:32:27    49 --> ...                                                                                                  [tcl] set ucliGUI::state
20:32:27    50 --> ...  [tcl] gui_update_simulator_buttons
20:32:27    51 --> ...      [tcl] set ucliGUI::state
20:32:27    52 --> ...          [tcl] set ucliGUI::state
20:32:27    53 --> ...              [tcl] catch {senv activeDomain} dveMisc::result 
20:32:27    54 --> ...                  [tcl] set dveMisc::result
20:32:27    55 --> ...                      [tcl] gui_update_simulator_buttons
20:32:27    56 --> ...                          [tcl] synopsys::xml get_stop_data
20:32:27    57 --> ...                              [tcl] synopsys::xml {frames <data updateType="preserve" itemId="none" viewId="Stack.1" />}
20:39:08    58 --> ...                                  [tcl] if [catch {gui_sim_terminate}] {gui_sim_terminate -kill}
20:39:08    59 --> ...                                      [tcl] synopsys::finish
20:39:08    60 --> ...                                          [tcl] set ucliGUI::state
20:39:08    61 --> ...                                              [tcl] gui_update_simulator_buttons
20:39:08    62 --> ...                                                  [tcl] set ucliGUI::state
20:39:08    63 --> ...                                                      [tcl] catch {senv activeDomain} dveMisc::result 
20:39:08    64 --> ...                                                          [tcl] set dveMisc::result
20:39:08    65 --> ...                                                              [tcl] gui_update_simulator_buttons
20:39:08    66 --> ...                                                                  [tcl] catch {senv activeDomain} dveMisc::result 
20:39:08    67 --> ...                                                                      [tcl] set dveMisc::result
20:39:08    68 --> ...                                                                          [tcl] ucli_exit
