# Preference setting overrides
gui_create_pref_key -category {Globals} -key {load_detail_for_funcov} -value_type {bool} -value {false}

# State setting overrides
gui_state_default_create -off -ini
gui_set_state_value -category Layout -key child_console_size_x -value 1919
gui_set_state_value -category Layout -key child_console_size_y -value 174
gui_set_state_value -category Layout -key child_data_coltype -value 54
gui_set_state_value -category Layout -key child_data_colvalue -value 50
gui_set_state_value -category Layout -key child_data_colvariable -value 199
gui_set_state_value -category Layout -key child_data_size_x -value 307
gui_set_state_value -category Layout -key child_data_size_y -value 707
gui_set_state_value -category Layout -key child_hier_col3 -value {-1}
gui_set_state_value -category Layout -key child_hier_colhier -value 186
gui_set_state_value -category Layout -key child_hier_colpd -value 0
gui_set_state_value -category Layout -key child_hier_coltype -value 107
gui_set_state_value -category Layout -key child_hier_size_x -value 300
gui_set_state_value -category Layout -key child_hier_size_y -value 707
gui_set_state_value -category Layout -key child_source_pos_x -value {-2}
gui_set_state_value -category Layout -key child_source_pos_y -value {-15}
gui_set_state_value -category Layout -key child_source_size_x -value 1315
gui_set_state_value -category Layout -key child_source_size_y -value 702
gui_set_state_value -category Layout -key child_wave_colname -value 311
gui_set_state_value -category Layout -key child_wave_colvalue -value 497
gui_set_state_value -category Layout -key child_wave_left -value 812
gui_set_state_value -category Layout -key child_wave_right -value 1102
gui_set_state_value -category Layout -key main_pos_x -value 1
gui_set_state_value -category Layout -key main_pos_y -value 38
gui_set_state_value -category Layout -key main_size_x -value 1920
gui_set_state_value -category Layout -key main_size_y -value 1018
gui_set_state_value -category Layout -key stand_wave_child_pos_x -value {-2}
gui_set_state_value -category Layout -key stand_wave_child_pos_y -value {-15}
gui_set_state_value -category Layout -key stand_wave_child_size_x -value 1924
gui_set_state_value -category Layout -key stand_wave_child_size_y -value 876
gui_set_state_value -category Layout -key stand_wave_top_pos_x -value 1
gui_set_state_value -category Layout -key stand_wave_top_pos_y -value 66
gui_set_state_value -category Layout -key stand_wave_top_size_x -value 1920
gui_set_state_value -category Layout -key stand_wave_top_size_y -value 1046
gui_create_state_key -category FindDialog -key m_pMatchCase -value_type bool -value false
gui_create_state_key -category FindDialog -key m_pMatchWord -value_type bool -value false
gui_create_state_key -category FindDialog -key m_pUseCombo -value_type string -value {}
gui_create_state_key -category FindDialog -key m_pWrapAround -value_type bool -value true
gui_create_state_key -category Widget_History -key {dlgSimSetup|m_setupTab|tab pages|SimTab|m_VPDCombo} -value_type string -value inter.vpd
gui_create_state_key -category Widget_History -key {dlgSimSetup|m_setupTab|tab pages|SimTab|m_curDirCombo} -value_type string -value /users/students/r0622838/digital-design-flow/01_VERIFICATION
gui_create_state_key -category Widget_History -key {dlgSimSetup|m_setupTab|tab pages|SimTab|m_exeCombo} -value_type string -value ./simv
gui_state_default_create -off

# Begin command logging
gui_set_pref_value -category {Globals} -key {smart_resize} -value {false}
gui_set_pref_value -category {Globals} -key {smart_resize} -value {true}
gui_sim_run Ucli -exe ./simv -args {-ucligui  } -dir .
gui_list_expand -id Hier.1   /AES128_TB
gui_list_action -id  Hier.1 /AES128_TB
gui_list_select -id Hier.1 -current_item_name /AES128_TB/DUT -current_item_type Scope  -selected  { /AES128_TB/DUT   }
gui_list_select -id Data.1 -selected  { /AES128_TB/DUT/RESET   }
gui_list_select -id Data.1 { /AES128_TB/DUT/CLOCK  /AES128_TB/DUT/CE  {/AES128_TB/DUT/DATA_IN(127 downto 0)}  {/AES128_TB/DUT/KEY(127 downto 0)}  {/AES128_TB/DUT/DATA_OUT(127 downto 0)}  /AES128_TB/DUT/DONE  {/AES128_TB/DUT/KEY_OUT_ARK_IN(127 downto 0)}  {/AES128_TB/DUT/ARK_OUT_REG_IN(127 downto 0)}  {/AES128_TB/DUT/SB_OUT_SHIFTROW_IN(127 downto 0)}  {/AES128_TB/DUT/SR_OUT_MC_IN(127 downto 0)}  {/AES128_TB/DUT/ARK_MUX_OUT_ARK_IN(127 downto 0)}  {/AES128_TB/DUT/MC_OUT_ARK_MUX_IN(127 downto 0)}  {/AES128_TB/DUT/FINAL_DATA_OUT(127 downto 0)}  {/AES128_TB/DUT/REG_OUT_SB_IN(127 downto 0)}  {/AES128_TB/DUT/DI_REG_OUT(127 downto 0)}  {/AES128_TB/DUT/DO_REG_OUT(127 downto 0)}  {/AES128_TB/DUT/RCON_CONTR_RCON_KEYS(3 downto 0)}  {/AES128_TB/DUT/CONTR_OUT_ARK_MUX_SEL(1 downto 0)}  /AES128_TB/DUT/DONE_SIGN  /AES128_TB/DUT/CLEAR_SIGN  /AES128_TB/DUT/HOLD_DATA_OUT_SIGN  /AES128_TB/DUT/CONTR_OUT_DO_MUX_SEL  /AES128_TB/DUT/READ_DATA_IN_SIGN   }
gui_open_window Wave
gui_list_add -id Wave.1 -from Data.1 { /AES128_TB/DUT/RESET /AES128_TB/DUT/CLOCK /AES128_TB/DUT/CE {/AES128_TB/DUT/DATA_IN(127 downto 0)} {/AES128_TB/DUT/KEY(127 downto 0)} {/AES128_TB/DUT/DATA_OUT(127 downto 0)} /AES128_TB/DUT/DONE {/AES128_TB/DUT/KEY_OUT_ARK_IN(127 downto 0)} {/AES128_TB/DUT/ARK_OUT_REG_IN(127 downto 0)} {/AES128_TB/DUT/SB_OUT_SHIFTROW_IN(127 downto 0)} {/AES128_TB/DUT/SR_OUT_MC_IN(127 downto 0)} {/AES128_TB/DUT/ARK_MUX_OUT_ARK_IN(127 downto 0)} {/AES128_TB/DUT/MC_OUT_ARK_MUX_IN(127 downto 0)} {/AES128_TB/DUT/FINAL_DATA_OUT(127 downto 0)} {/AES128_TB/DUT/REG_OUT_SB_IN(127 downto 0)} {/AES128_TB/DUT/DI_REG_OUT(127 downto 0)} {/AES128_TB/DUT/DO_REG_OUT(127 downto 0)} {/AES128_TB/DUT/RCON_CONTR_RCON_KEYS(3 downto 0)} {/AES128_TB/DUT/CONTR_OUT_ARK_MUX_SEL(1 downto 0)} /AES128_TB/DUT/DONE_SIGN /AES128_TB/DUT/CLEAR_SIGN /AES128_TB/DUT/HOLD_DATA_OUT_SIGN /AES128_TB/DUT/CONTR_OUT_DO_MUX_SEL /AES128_TB/DUT/READ_DATA_IN_SIGN } -insertionbar
gui_wv_zoom_timerange -id  Wave.1 0 445
gui_sim_continue  
gui_sim_stop 
gui_wv_zoom_timerange -id  Wave.1 120531849 120531894
gui_wv_scroll_hslidermove -id  Wave.1 1790567777
gui_wv_scroll_hslidermove -id  Wave.1 1790568039
gui_wv_scroll_hslidermove -id  Wave.1 1790568039
gui_wv_scroll_hslidermove -id  Wave.1 1790568039
gui_set_time 1 -id TopLevel.2
gui_marker_move -id  Wave.1 C1 17
gui_zoom -window Wave.1 -factor 0.5
gui_zoom -window Wave.1 -factor 0.5
gui_zoom -window Wave.1 -factor 0.5
gui_zoom -window Wave.1 -factor 0.5
gui_zoom -window Wave.1 -factor 0.5
gui_zoom -window Wave.1 -factor 0.5
gui_wv_scrollright -id  Wave.1  line
gui_wv_scrollright -id  Wave.1  line
gui_wv_scrollright -id  Wave.1  line
gui_wv_scrollright -id  Wave.1  line
gui_wv_scrollright -id  Wave.1  line
gui_wv_scrollright -id  Wave.1  line
gui_wv_scrollright -id  Wave.1  line
gui_wv_scrollright -id  Wave.1  line
gui_wv_scrollright -id  Wave.1  line
gui_wv_scrollright -id  Wave.1  line
gui_wv_scrollright -id  Wave.1  line
gui_wv_scrollright -id  Wave.1  line
gui_wv_scrollright -id  Wave.1  line
gui_wv_scrollright -id  Wave.1  line
gui_wv_scrollright -id  Wave.1  line
gui_wv_scrollright -id  Wave.1  line
gui_wv_scrollright -id  Wave.1  line
gui_wv_scrollright -id  Wave.1  line
gui_wv_scrollright -id  Wave.1  line
gui_wv_scrollright -id  Wave.1  line
gui_wv_scrollright -id  Wave.1  line
gui_wv_scrollright -id  Wave.1  line
gui_wv_scrollright -id  Wave.1  line
gui_wv_scrollright -id  Wave.1  line
gui_wv_scrollright -id  Wave.1  line
gui_wv_scrollright -id  Wave.1  line
gui_wv_scrollright -id  Wave.1  line
gui_zoom -window Wave.1 -factor 0.5
gui_zoom -window Wave.1 -factor 0.5
gui_wv_scrollright -id  Wave.1  line
gui_wv_scrollright -id  Wave.1  line
gui_wv_scrollright -id  Wave.1  line
gui_wv_scrollright -id  Wave.1  line
gui_zoom -window Wave.1 -factor 2
gui_zoom -window Wave.1 -factor 2
gui_marker_move -id  Wave.1 C1 8235
gui_list_select -id Wave.1 -selected  { {/AES128_TB/DUT/DATA_OUT(127 downto 0)}   }
gui_wv_zoom_timerange -id  Wave.1 6738 9627
gui_marker_move -id  Wave.1 C1 7174
gui_marker_move -id  Wave.1 C1 8244
gui_marker_move -id  Wave.1 C1 8150
gui_marker_move -id  Wave.1 C1 7500
gui_marker_move -id  Wave.1 C1 8290
gui_marker_move -id  Wave.1 C1 8150
gui_marker_move -id  Wave.1 C1 8100
gui_marker_move -id  Wave.1 C1 8150
gui_marker_move -id  Wave.1 C1 8233
gui_marker_move -id  Wave.1 C1 7568
gui_marker_move -id  Wave.1 C1 7533
gui_marker_move -id  Wave.1 C1 7550
gui_marker_move -id  Wave.1 C1 7650
gui_wv_scrollleft -id  Wave.1  line
gui_wv_scrollleft -id  Wave.1  line
gui_wv_scrollleft -id  Wave.1  line
gui_wv_scrollleft -id  Wave.1  line
gui_wv_scrollleft -id  Wave.1  line
gui_wv_scrollleft -id  Wave.1  line
gui_wv_scrollleft -id  Wave.1  line
gui_wv_scrollleft -id  Wave.1  line
gui_wv_scrollleft -id  Wave.1  line
gui_wv_scrollleft -id  Wave.1  line
gui_wv_scrollleft -id  Wave.1  line
gui_wv_scrollleft -id  Wave.1  line
gui_wv_scrollleft -id  Wave.1  line
gui_wv_scrollleft -id  Wave.1  line
gui_wv_scrollleft -id  Wave.1  line
gui_wv_scrollleft -id  Wave.1  line
gui_wv_scrollleft -id  Wave.1  line
gui_wv_scrollleft -id  Wave.1  line
gui_wv_scroll_hslidermove -id  Wave.1 0
gui_wv_scroll_hslidermove -id  Wave.1 0
gui_wv_scrollleft -id  Wave.1  line
gui_wv_scrollleft -id  Wave.1  line
gui_wv_scrollleft -id  Wave.1  line
gui_wv_scrollleft -id  Wave.1  line
gui_wv_scrollleft -id  Wave.1  line
gui_wv_scrollleft -id  Wave.1  line
gui_wv_scrollleft -id  Wave.1  line
gui_wv_scrollleft -id  Wave.1  line
gui_wv_scrollleft -id  Wave.1  line
gui_marker_move -id  Wave.1 C1 1500
gui_marker_move -id  Wave.1 C1 800
gui_marker_move -id  Wave.1 C1 850
gui_scroll -window Wave.1 -hrel .2
gui_scroll -window Wave.1 -hrel .2
gui_scroll -window Wave.1 -hrel .2
gui_scroll -window Wave.1 -hrel .2
gui_scroll -window Wave.1 -hrel .2
gui_scroll -window Wave.1 -hrel .2
gui_scroll -window Wave.1 -hrel .2
gui_scroll -window Wave.1 -hrel .2
gui_scroll -window Wave.1 -hrel .2
gui_scroll -window Wave.1 -hrel .2
gui_scroll -window Wave.1 -hrel .2
gui_scroll -window Wave.1 -hrel .2
gui_scroll -window Wave.1 -hrel .2
gui_scroll -window Wave.1 -hrel .2
gui_scroll -window Wave.1 -hrel .2
gui_set_time 7500 -id TopLevel.2
gui_marker_select -id  Wave.1 { C1 }
gui_marker_move -id  Wave.1 C1 7500
gui_marker_move -id  Wave.1 C1 7500
gui_marker_move -id  Wave.1 C1 7282
gui_marker_move -id  Wave.1 C1 7500
gui_marker_move -id  Wave.1 C1 7600
gui_marker_move -id  Wave.1 C1 7500
gui_close_window -window TopLevel.2
