INFO: [VRFC 10-2263] Analyzing Verilog file "/users/students/r0622838/digital-design-flow-aes/AES128-vivado/AES128-vivado.sim/sim_1/synth/timing/AES128_tb_time_synth.v" into library xil_defaultlib
INFO: [VRFC 10-311] analyzing module IBUF_UNIQ_BASE_
INFO: [VRFC 10-311] analyzing module IBUF_HD1
INFO: [VRFC 10-311] analyzing module IBUF_HD10
INFO: [VRFC 10-311] analyzing module IBUF_HD100
INFO: [VRFC 10-311] analyzing module IBUF_HD101
INFO: [VRFC 10-311] analyzing module IBUF_HD102
INFO: [VRFC 10-311] analyzing module IBUF_HD103
INFO: [VRFC 10-311] analyzing module IBUF_HD104
INFO: [VRFC 10-311] analyzing module IBUF_HD105
INFO: [VRFC 10-311] analyzing module IBUF_HD106
INFO: [VRFC 10-311] analyzing module IBUF_HD107
INFO: [VRFC 10-311] analyzing module IBUF_HD108
INFO: [VRFC 10-311] analyzing module IBUF_HD109
INFO: [VRFC 10-311] analyzing module IBUF_HD11
INFO: [VRFC 10-311] analyzing module IBUF_HD110
INFO: [VRFC 10-311] analyzing module IBUF_HD111
INFO: [VRFC 10-311] analyzing module IBUF_HD112
INFO: [VRFC 10-311] analyzing module IBUF_HD113
INFO: [VRFC 10-311] analyzing module IBUF_HD114
INFO: [VRFC 10-311] analyzing module IBUF_HD115
INFO: [VRFC 10-311] analyzing module IBUF_HD116
INFO: [VRFC 10-311] analyzing module IBUF_HD117
INFO: [VRFC 10-311] analyzing module IBUF_HD118
INFO: [VRFC 10-311] analyzing module IBUF_HD119
INFO: [VRFC 10-311] analyzing module IBUF_HD12
INFO: [VRFC 10-311] analyzing module IBUF_HD120
INFO: [VRFC 10-311] analyzing module IBUF_HD121
INFO: [VRFC 10-311] analyzing module IBUF_HD122
INFO: [VRFC 10-311] analyzing module IBUF_HD123
INFO: [VRFC 10-311] analyzing module IBUF_HD124
INFO: [VRFC 10-311] analyzing module IBUF_HD125
INFO: [VRFC 10-311] analyzing module IBUF_HD126
INFO: [VRFC 10-311] analyzing module IBUF_HD127
INFO: [VRFC 10-311] analyzing module IBUF_HD128
INFO: [VRFC 10-311] analyzing module IBUF_HD129
INFO: [VRFC 10-311] analyzing module IBUF_HD13
INFO: [VRFC 10-311] analyzing module IBUF_HD130
INFO: [VRFC 10-311] analyzing module IBUF_HD131
INFO: [VRFC 10-311] analyzing module IBUF_HD132
INFO: [VRFC 10-311] analyzing module IBUF_HD133
INFO: [VRFC 10-311] analyzing module IBUF_HD134
INFO: [VRFC 10-311] analyzing module IBUF_HD135
INFO: [VRFC 10-311] analyzing module IBUF_HD136
INFO: [VRFC 10-311] analyzing module IBUF_HD137
INFO: [VRFC 10-311] analyzing module IBUF_HD138
INFO: [VRFC 10-311] analyzing module IBUF_HD139
INFO: [VRFC 10-311] analyzing module IBUF_HD14
INFO: [VRFC 10-311] analyzing module IBUF_HD140
INFO: [VRFC 10-311] analyzing module IBUF_HD141
INFO: [VRFC 10-311] analyzing module IBUF_HD142
INFO: [VRFC 10-311] analyzing module IBUF_HD143
INFO: [VRFC 10-311] analyzing module IBUF_HD144
INFO: [VRFC 10-311] analyzing module IBUF_HD145
INFO: [VRFC 10-311] analyzing module IBUF_HD146
INFO: [VRFC 10-311] analyzing module IBUF_HD147
INFO: [VRFC 10-311] analyzing module IBUF_HD148
INFO: [VRFC 10-311] analyzing module IBUF_HD149
INFO: [VRFC 10-311] analyzing module IBUF_HD15
INFO: [VRFC 10-311] analyzing module IBUF_HD150
INFO: [VRFC 10-311] analyzing module IBUF_HD151
INFO: [VRFC 10-311] analyzing module IBUF_HD152
INFO: [VRFC 10-311] analyzing module IBUF_HD153
INFO: [VRFC 10-311] analyzing module IBUF_HD154
INFO: [VRFC 10-311] analyzing module IBUF_HD155
INFO: [VRFC 10-311] analyzing module IBUF_HD156
INFO: [VRFC 10-311] analyzing module IBUF_HD157
INFO: [VRFC 10-311] analyzing module IBUF_HD158
INFO: [VRFC 10-311] analyzing module IBUF_HD159
INFO: [VRFC 10-311] analyzing module IBUF_HD16
INFO: [VRFC 10-311] analyzing module IBUF_HD160
INFO: [VRFC 10-311] analyzing module IBUF_HD161
INFO: [VRFC 10-311] analyzing module IBUF_HD162
INFO: [VRFC 10-311] analyzing module IBUF_HD163
INFO: [VRFC 10-311] analyzing module IBUF_HD164
INFO: [VRFC 10-311] analyzing module IBUF_HD165
INFO: [VRFC 10-311] analyzing module IBUF_HD166
INFO: [VRFC 10-311] analyzing module IBUF_HD167
INFO: [VRFC 10-311] analyzing module IBUF_HD168
INFO: [VRFC 10-311] analyzing module IBUF_HD169
INFO: [VRFC 10-311] analyzing module IBUF_HD17
INFO: [VRFC 10-311] analyzing module IBUF_HD170
INFO: [VRFC 10-311] analyzing module IBUF_HD171
INFO: [VRFC 10-311] analyzing module IBUF_HD172
INFO: [VRFC 10-311] analyzing module IBUF_HD173
INFO: [VRFC 10-311] analyzing module IBUF_HD174
INFO: [VRFC 10-311] analyzing module IBUF_HD175
INFO: [VRFC 10-311] analyzing module IBUF_HD176
INFO: [VRFC 10-311] analyzing module IBUF_HD177
INFO: [VRFC 10-311] analyzing module IBUF_HD178
INFO: [VRFC 10-311] analyzing module IBUF_HD179
INFO: [VRFC 10-311] analyzing module IBUF_HD18
INFO: [VRFC 10-311] analyzing module IBUF_HD180
INFO: [VRFC 10-311] analyzing module IBUF_HD181
INFO: [VRFC 10-311] analyzing module IBUF_HD182
INFO: [VRFC 10-311] analyzing module IBUF_HD183
INFO: [VRFC 10-311] analyzing module IBUF_HD184
INFO: [VRFC 10-311] analyzing module IBUF_HD185
INFO: [VRFC 10-311] analyzing module IBUF_HD186
INFO: [VRFC 10-311] analyzing module IBUF_HD187
INFO: [VRFC 10-311] analyzing module IBUF_HD188
INFO: [VRFC 10-311] analyzing module IBUF_HD189
INFO: [VRFC 10-311] analyzing module IBUF_HD19
INFO: [VRFC 10-311] analyzing module IBUF_HD190
INFO: [VRFC 10-311] analyzing module IBUF_HD191
INFO: [VRFC 10-311] analyzing module IBUF_HD192
INFO: [VRFC 10-311] analyzing module IBUF_HD193
INFO: [VRFC 10-311] analyzing module IBUF_HD194
INFO: [VRFC 10-311] analyzing module IBUF_HD195
INFO: [VRFC 10-311] analyzing module IBUF_HD196
INFO: [VRFC 10-311] analyzing module IBUF_HD197
INFO: [VRFC 10-311] analyzing module IBUF_HD198
INFO: [VRFC 10-311] analyzing module IBUF_HD199
INFO: [VRFC 10-311] analyzing module IBUF_HD2
INFO: [VRFC 10-311] analyzing module IBUF_HD20
INFO: [VRFC 10-311] analyzing module IBUF_HD200
INFO: [VRFC 10-311] analyzing module IBUF_HD201
INFO: [VRFC 10-311] analyzing module IBUF_HD202
INFO: [VRFC 10-311] analyzing module IBUF_HD203
INFO: [VRFC 10-311] analyzing module IBUF_HD204
INFO: [VRFC 10-311] analyzing module IBUF_HD205
INFO: [VRFC 10-311] analyzing module IBUF_HD206
INFO: [VRFC 10-311] analyzing module IBUF_HD207
INFO: [VRFC 10-311] analyzing module IBUF_HD208
INFO: [VRFC 10-311] analyzing module IBUF_HD209
INFO: [VRFC 10-311] analyzing module IBUF_HD21
INFO: [VRFC 10-311] analyzing module IBUF_HD210
INFO: [VRFC 10-311] analyzing module IBUF_HD211
INFO: [VRFC 10-311] analyzing module IBUF_HD212
INFO: [VRFC 10-311] analyzing module IBUF_HD213
INFO: [VRFC 10-311] analyzing module IBUF_HD214
INFO: [VRFC 10-311] analyzing module IBUF_HD215
INFO: [VRFC 10-311] analyzing module IBUF_HD216
INFO: [VRFC 10-311] analyzing module IBUF_HD217
INFO: [VRFC 10-311] analyzing module IBUF_HD218
INFO: [VRFC 10-311] analyzing module IBUF_HD219
INFO: [VRFC 10-311] analyzing module IBUF_HD22
INFO: [VRFC 10-311] analyzing module IBUF_HD220
INFO: [VRFC 10-311] analyzing module IBUF_HD221
INFO: [VRFC 10-311] analyzing module IBUF_HD222
INFO: [VRFC 10-311] analyzing module IBUF_HD223
INFO: [VRFC 10-311] analyzing module IBUF_HD224
INFO: [VRFC 10-311] analyzing module IBUF_HD225
INFO: [VRFC 10-311] analyzing module IBUF_HD226
INFO: [VRFC 10-311] analyzing module IBUF_HD227
INFO: [VRFC 10-311] analyzing module IBUF_HD228
INFO: [VRFC 10-311] analyzing module IBUF_HD229
INFO: [VRFC 10-311] analyzing module IBUF_HD23
INFO: [VRFC 10-311] analyzing module IBUF_HD230
INFO: [VRFC 10-311] analyzing module IBUF_HD231
INFO: [VRFC 10-311] analyzing module IBUF_HD232
INFO: [VRFC 10-311] analyzing module IBUF_HD233
INFO: [VRFC 10-311] analyzing module IBUF_HD234
INFO: [VRFC 10-311] analyzing module IBUF_HD235
INFO: [VRFC 10-311] analyzing module IBUF_HD236
INFO: [VRFC 10-311] analyzing module IBUF_HD237
INFO: [VRFC 10-311] analyzing module IBUF_HD238
INFO: [VRFC 10-311] analyzing module IBUF_HD239
INFO: [VRFC 10-311] analyzing module IBUF_HD24
INFO: [VRFC 10-311] analyzing module IBUF_HD240
INFO: [VRFC 10-311] analyzing module IBUF_HD241
INFO: [VRFC 10-311] analyzing module IBUF_HD242
INFO: [VRFC 10-311] analyzing module IBUF_HD243
INFO: [VRFC 10-311] analyzing module IBUF_HD244
INFO: [VRFC 10-311] analyzing module IBUF_HD245
INFO: [VRFC 10-311] analyzing module IBUF_HD246
INFO: [VRFC 10-311] analyzing module IBUF_HD247
INFO: [VRFC 10-311] analyzing module IBUF_HD248
INFO: [VRFC 10-311] analyzing module IBUF_HD249
INFO: [VRFC 10-311] analyzing module IBUF_HD25
INFO: [VRFC 10-311] analyzing module IBUF_HD250
INFO: [VRFC 10-311] analyzing module IBUF_HD251
INFO: [VRFC 10-311] analyzing module IBUF_HD252
INFO: [VRFC 10-311] analyzing module IBUF_HD253
INFO: [VRFC 10-311] analyzing module IBUF_HD254
INFO: [VRFC 10-311] analyzing module IBUF_HD255
INFO: [VRFC 10-311] analyzing module IBUF_HD256
INFO: [VRFC 10-311] analyzing module IBUF_HD257
INFO: [VRFC 10-311] analyzing module IBUF_HD258
INFO: [VRFC 10-311] analyzing module IBUF_HD26
INFO: [VRFC 10-311] analyzing module IBUF_HD27
INFO: [VRFC 10-311] analyzing module IBUF_HD28
INFO: [VRFC 10-311] analyzing module IBUF_HD29
INFO: [VRFC 10-311] analyzing module IBUF_HD3
INFO: [VRFC 10-311] analyzing module IBUF_HD30
INFO: [VRFC 10-311] analyzing module IBUF_HD31
INFO: [VRFC 10-311] analyzing module IBUF_HD32
INFO: [VRFC 10-311] analyzing module IBUF_HD33
INFO: [VRFC 10-311] analyzing module IBUF_HD34
INFO: [VRFC 10-311] analyzing module IBUF_HD35
INFO: [VRFC 10-311] analyzing module IBUF_HD36
INFO: [VRFC 10-311] analyzing module IBUF_HD37
INFO: [VRFC 10-311] analyzing module IBUF_HD38
INFO: [VRFC 10-311] analyzing module IBUF_HD39
INFO: [VRFC 10-311] analyzing module IBUF_HD4
INFO: [VRFC 10-311] analyzing module IBUF_HD40
INFO: [VRFC 10-311] analyzing module IBUF_HD41
INFO: [VRFC 10-311] analyzing module IBUF_HD42
INFO: [VRFC 10-311] analyzing module IBUF_HD43
INFO: [VRFC 10-311] analyzing module IBUF_HD44
INFO: [VRFC 10-311] analyzing module IBUF_HD45
INFO: [VRFC 10-311] analyzing module IBUF_HD46
INFO: [VRFC 10-311] analyzing module IBUF_HD47
INFO: [VRFC 10-311] analyzing module IBUF_HD48
INFO: [VRFC 10-311] analyzing module IBUF_HD49
INFO: [VRFC 10-311] analyzing module IBUF_HD5
INFO: [VRFC 10-311] analyzing module IBUF_HD50
INFO: [VRFC 10-311] analyzing module IBUF_HD51
INFO: [VRFC 10-311] analyzing module IBUF_HD52
INFO: [VRFC 10-311] analyzing module IBUF_HD53
INFO: [VRFC 10-311] analyzing module IBUF_HD54
INFO: [VRFC 10-311] analyzing module IBUF_HD55
INFO: [VRFC 10-311] analyzing module IBUF_HD56
INFO: [VRFC 10-311] analyzing module IBUF_HD57
INFO: [VRFC 10-311] analyzing module IBUF_HD58
INFO: [VRFC 10-311] analyzing module IBUF_HD59
INFO: [VRFC 10-311] analyzing module IBUF_HD6
INFO: [VRFC 10-311] analyzing module IBUF_HD60
INFO: [VRFC 10-311] analyzing module IBUF_HD61
INFO: [VRFC 10-311] analyzing module IBUF_HD62
INFO: [VRFC 10-311] analyzing module IBUF_HD63
INFO: [VRFC 10-311] analyzing module IBUF_HD64
INFO: [VRFC 10-311] analyzing module IBUF_HD65
INFO: [VRFC 10-311] analyzing module IBUF_HD66
INFO: [VRFC 10-311] analyzing module IBUF_HD67
INFO: [VRFC 10-311] analyzing module IBUF_HD68
INFO: [VRFC 10-311] analyzing module IBUF_HD69
INFO: [VRFC 10-311] analyzing module IBUF_HD7
INFO: [VRFC 10-311] analyzing module IBUF_HD70
INFO: [VRFC 10-311] analyzing module IBUF_HD71
INFO: [VRFC 10-311] analyzing module IBUF_HD72
INFO: [VRFC 10-311] analyzing module IBUF_HD73
INFO: [VRFC 10-311] analyzing module IBUF_HD74
INFO: [VRFC 10-311] analyzing module IBUF_HD75
INFO: [VRFC 10-311] analyzing module IBUF_HD76
INFO: [VRFC 10-311] analyzing module IBUF_HD77
INFO: [VRFC 10-311] analyzing module IBUF_HD78
INFO: [VRFC 10-311] analyzing module IBUF_HD79
INFO: [VRFC 10-311] analyzing module IBUF_HD8
INFO: [VRFC 10-311] analyzing module IBUF_HD80
INFO: [VRFC 10-311] analyzing module IBUF_HD81
INFO: [VRFC 10-311] analyzing module IBUF_HD82
INFO: [VRFC 10-311] analyzing module IBUF_HD83
INFO: [VRFC 10-311] analyzing module IBUF_HD84
INFO: [VRFC 10-311] analyzing module IBUF_HD85
INFO: [VRFC 10-311] analyzing module IBUF_HD86
INFO: [VRFC 10-311] analyzing module IBUF_HD87
INFO: [VRFC 10-311] analyzing module IBUF_HD88
INFO: [VRFC 10-311] analyzing module IBUF_HD89
INFO: [VRFC 10-311] analyzing module IBUF_HD9
INFO: [VRFC 10-311] analyzing module IBUF_HD90
INFO: [VRFC 10-311] analyzing module IBUF_HD91
INFO: [VRFC 10-311] analyzing module IBUF_HD92
INFO: [VRFC 10-311] analyzing module IBUF_HD93
INFO: [VRFC 10-311] analyzing module IBUF_HD94
INFO: [VRFC 10-311] analyzing module IBUF_HD95
INFO: [VRFC 10-311] analyzing module IBUF_HD96
INFO: [VRFC 10-311] analyzing module IBUF_HD97
INFO: [VRFC 10-311] analyzing module IBUF_HD98
INFO: [VRFC 10-311] analyzing module IBUF_HD99
INFO: [VRFC 10-311] analyzing module AES128
INFO: [VRFC 10-311] analyzing module ByteSub
INFO: [VRFC 10-311] analyzing module ByteSub_0
INFO: [VRFC 10-311] analyzing module ByteSub_1
INFO: [VRFC 10-311] analyzing module ByteSub_10
INFO: [VRFC 10-311] analyzing module ByteSub_11
INFO: [VRFC 10-311] analyzing module ByteSub_12
INFO: [VRFC 10-311] analyzing module ByteSub_13
INFO: [VRFC 10-311] analyzing module ByteSub_14
INFO: [VRFC 10-311] analyzing module ByteSub_15
INFO: [VRFC 10-311] analyzing module ByteSub_16
INFO: [VRFC 10-311] analyzing module ByteSub_17
INFO: [VRFC 10-311] analyzing module ByteSub_18
INFO: [VRFC 10-311] analyzing module ByteSub_2
INFO: [VRFC 10-311] analyzing module ByteSub_3
INFO: [VRFC 10-311] analyzing module ByteSub_4
INFO: [VRFC 10-311] analyzing module ByteSub_5
INFO: [VRFC 10-311] analyzing module ByteSub_6
INFO: [VRFC 10-311] analyzing module ByteSub_7
INFO: [VRFC 10-311] analyzing module ByteSub_8
INFO: [VRFC 10-311] analyzing module ByteSub_9
INFO: [VRFC 10-311] analyzing module Control_FSM
INFO: [VRFC 10-311] analyzing module Keyscheduler
INFO: [VRFC 10-311] analyzing module SubBytes
INFO: [VRFC 10-311] analyzing module glbl
INFO: [VRFC 10-163] Analyzing VHDL file "/users/students/r0622838/digital-design-flow-aes/99_SRC/my_src_hdl/PKG_AES128.vhd" into library xil_defaultlib
INFO: [VRFC 10-163] Analyzing VHDL file "/users/students/r0622838/digital-design-flow-aes/99_SRC/test_benches/AES128_tb.vhd" into library xil_defaultlib
INFO: [VRFC 10-307] analyzing entity AES128_tb
