Vivado Simulator 2017.1
Copyright 1986-1999, 2001-2016 Xilinx, Inc. All Rights Reserved.
Running: /esat/micas-data/software/xilinx_vivado_2017.1/Vivado/2017.1/bin/unwrapped/lnx64.o/xelab -wto f8a4f9f7f41a49e684f0b4c641be48c2 --debug typical --relax --mt 8 --maxdelay -L xil_defaultlib -L simprims_ver -L secureip --snapshot AES128_tb_time_synth -transport_int_delays -pulse_r 0 -pulse_int_r 0 -pulse_e 0 -pulse_int_e 0 xil_defaultlib.AES128_tb xil_defaultlib.glbl -log elaborate.log 
Using 8 slave threads.
Starting static elaboration
Completed static elaboration
Starting simulation data flow analysis
Completed simulation data flow analysis
INFO: [XSIM 43-3451] SDF backannotation process started with SDF file "AES128_tb_time_synth.sdf", for root module "AES128_tb/DUT".
INFO: [XSIM 43-3452] SDF backannotation was successful for SDF file "AES128_tb_time_synth.sdf", for root module "AES128_tb/DUT".
Time Resolution for simulation is 1ps
Compiling package std.standard
Compiling package std.textio
Compiling package ieee.std_logic_1164
Compiling package ieee.std_logic_textio
Compiling package xil_defaultlib.pkg_aes128
Compiling package vl.vl_types
Compiling module xil_defaultlib.glbl
Compiling module simprims_ver.x_lut3_mux8
Compiling module simprims_ver.LUT3
Compiling module simprims_ver.x_lut2_mux4
Compiling module simprims_ver.LUT2
Compiling module simprims_ver.LUT4
Compiling module simprims_ver.LUT6
Compiling module simprims_ver.FDCE_default
Compiling module simprims_ver.x_lut1_mux2
Compiling module simprims_ver.LUT1
Compiling module simprims_ver.LUT5
Compiling module xil_defaultlib.Control_FSM
Compiling module simprims_ver.MUXF7
Compiling module simprims_ver.MUXF8
Compiling module xil_defaultlib.ByteSub_15
Compiling module xil_defaultlib.ByteSub_16
Compiling module xil_defaultlib.ByteSub_17
Compiling module xil_defaultlib.ByteSub_18
Compiling module xil_defaultlib.Keyscheduler
Compiling module xil_defaultlib.ByteSub
Compiling module xil_defaultlib.ByteSub_0
Compiling module xil_defaultlib.ByteSub_1
Compiling module xil_defaultlib.ByteSub_2
Compiling module xil_defaultlib.ByteSub_3
Compiling module xil_defaultlib.ByteSub_4
Compiling module xil_defaultlib.ByteSub_5
Compiling module xil_defaultlib.ByteSub_6
Compiling module xil_defaultlib.ByteSub_7
Compiling module xil_defaultlib.ByteSub_8
Compiling module xil_defaultlib.ByteSub_9
Compiling module xil_defaultlib.ByteSub_10
Compiling module xil_defaultlib.ByteSub_11
Compiling module xil_defaultlib.ByteSub_12
Compiling module xil_defaultlib.ByteSub_13
Compiling module xil_defaultlib.ByteSub_14
Compiling module xil_defaultlib.SubBytes
Compiling module simprims_ver.IBUFCTRL_default
Compiling module simprims_ver.INBUF_default
Compiling module xil_defaultlib.IBUF_UNIQ_BASE_
Compiling module simprims_ver.BUFGCE(CE_TYPE="ASYNC")
Compiling module xil_defaultlib.IBUF_HD1
Compiling module xil_defaultlib.IBUF_HD2
Compiling module xil_defaultlib.IBUF_HD3
Compiling module xil_defaultlib.IBUF_HD4
Compiling module xil_defaultlib.IBUF_HD5
Compiling module xil_defaultlib.IBUF_HD6
Compiling module xil_defaultlib.IBUF_HD7
Compiling module xil_defaultlib.IBUF_HD8
Compiling module xil_defaultlib.IBUF_HD9
Compiling module xil_defaultlib.IBUF_HD10
Compiling module xil_defaultlib.IBUF_HD11
Compiling module xil_defaultlib.IBUF_HD12
Compiling module xil_defaultlib.IBUF_HD13
Compiling module xil_defaultlib.IBUF_HD14
Compiling module xil_defaultlib.IBUF_HD15
Compiling module xil_defaultlib.IBUF_HD16
Compiling module xil_defaultlib.IBUF_HD17
Compiling module xil_defaultlib.IBUF_HD18
Compiling module xil_defaultlib.IBUF_HD19
Compiling module xil_defaultlib.IBUF_HD20
Compiling module xil_defaultlib.IBUF_HD21
Compiling module xil_defaultlib.IBUF_HD22
Compiling module xil_defaultlib.IBUF_HD23
Compiling module xil_defaultlib.IBUF_HD24
Compiling module xil_defaultlib.IBUF_HD25
Compiling module xil_defaultlib.IBUF_HD26
Compiling module xil_defaultlib.IBUF_HD27
Compiling module xil_defaultlib.IBUF_HD28
Compiling module xil_defaultlib.IBUF_HD29
Compiling module xil_defaultlib.IBUF_HD30
Compiling module xil_defaultlib.IBUF_HD31
Compiling module xil_defaultlib.IBUF_HD32
Compiling module xil_defaultlib.IBUF_HD33
Compiling module xil_defaultlib.IBUF_HD34
Compiling module xil_defaultlib.IBUF_HD35
Compiling module xil_defaultlib.IBUF_HD36
Compiling module xil_defaultlib.IBUF_HD37
Compiling module xil_defaultlib.IBUF_HD38
Compiling module xil_defaultlib.IBUF_HD39
Compiling module xil_defaultlib.IBUF_HD40
Compiling module xil_defaultlib.IBUF_HD41
Compiling module xil_defaultlib.IBUF_HD42
Compiling module xil_defaultlib.IBUF_HD43
Compiling module xil_defaultlib.IBUF_HD44
Compiling module xil_defaultlib.IBUF_HD45
Compiling module xil_defaultlib.IBUF_HD46
Compiling module xil_defaultlib.IBUF_HD47
Compiling module xil_defaultlib.IBUF_HD48
Compiling module xil_defaultlib.IBUF_HD49
Compiling module xil_defaultlib.IBUF_HD50
Compiling module xil_defaultlib.IBUF_HD51
Compiling module xil_defaultlib.IBUF_HD52
Compiling module xil_defaultlib.IBUF_HD53
Compiling module xil_defaultlib.IBUF_HD54
Compiling module xil_defaultlib.IBUF_HD55
Compiling module xil_defaultlib.IBUF_HD56
Compiling module xil_defaultlib.IBUF_HD57
Compiling module xil_defaultlib.IBUF_HD58
Compiling module xil_defaultlib.IBUF_HD59
Compiling module xil_defaultlib.IBUF_HD60
Compiling module xil_defaultlib.IBUF_HD61
Compiling module xil_defaultlib.IBUF_HD62
Compiling module xil_defaultlib.IBUF_HD63
Compiling module xil_defaultlib.IBUF_HD64
Compiling module xil_defaultlib.IBUF_HD65
Compiling module xil_defaultlib.IBUF_HD66
Compiling module xil_defaultlib.IBUF_HD67
Compiling module xil_defaultlib.IBUF_HD68
Compiling module xil_defaultlib.IBUF_HD69
Compiling module xil_defaultlib.IBUF_HD70
Compiling module xil_defaultlib.IBUF_HD71
Compiling module xil_defaultlib.IBUF_HD72
Compiling module xil_defaultlib.IBUF_HD73
Compiling module xil_defaultlib.IBUF_HD74
Compiling module xil_defaultlib.IBUF_HD75
Compiling module xil_defaultlib.IBUF_HD76
Compiling module xil_defaultlib.IBUF_HD77
Compiling module xil_defaultlib.IBUF_HD78
Compiling module xil_defaultlib.IBUF_HD79
Compiling module xil_defaultlib.IBUF_HD80
Compiling module xil_defaultlib.IBUF_HD81
Compiling module xil_defaultlib.IBUF_HD82
Compiling module xil_defaultlib.IBUF_HD83
Compiling module xil_defaultlib.IBUF_HD84
Compiling module xil_defaultlib.IBUF_HD85
Compiling module xil_defaultlib.IBUF_HD86
Compiling module xil_defaultlib.IBUF_HD87
Compiling module xil_defaultlib.IBUF_HD88
Compiling module xil_defaultlib.IBUF_HD89
Compiling module xil_defaultlib.IBUF_HD90
Compiling module xil_defaultlib.IBUF_HD91
Compiling module xil_defaultlib.IBUF_HD92
Compiling module xil_defaultlib.IBUF_HD93
Compiling module xil_defaultlib.IBUF_HD94
Compiling module xil_defaultlib.IBUF_HD95
Compiling module xil_defaultlib.IBUF_HD96
Compiling module xil_defaultlib.IBUF_HD97
Compiling module xil_defaultlib.IBUF_HD98
Compiling module xil_defaultlib.IBUF_HD99
Compiling module xil_defaultlib.IBUF_HD100
Compiling module xil_defaultlib.IBUF_HD101
Compiling module xil_defaultlib.IBUF_HD102
Compiling module xil_defaultlib.IBUF_HD103
Compiling module xil_defaultlib.IBUF_HD104
Compiling module xil_defaultlib.IBUF_HD105
Compiling module xil_defaultlib.IBUF_HD106
Compiling module xil_defaultlib.IBUF_HD107
Compiling module xil_defaultlib.IBUF_HD108
Compiling module xil_defaultlib.IBUF_HD109
Compiling module xil_defaultlib.IBUF_HD110
Compiling module xil_defaultlib.IBUF_HD111
Compiling module xil_defaultlib.IBUF_HD112
Compiling module xil_defaultlib.IBUF_HD113
Compiling module xil_defaultlib.IBUF_HD114
Compiling module xil_defaultlib.IBUF_HD115
Compiling module xil_defaultlib.IBUF_HD116
Compiling module xil_defaultlib.IBUF_HD117
Compiling module xil_defaultlib.IBUF_HD118
Compiling module xil_defaultlib.IBUF_HD119
Compiling module xil_defaultlib.IBUF_HD120
Compiling module xil_defaultlib.IBUF_HD121
Compiling module xil_defaultlib.IBUF_HD122
Compiling module xil_defaultlib.IBUF_HD123
Compiling module xil_defaultlib.IBUF_HD124
Compiling module xil_defaultlib.IBUF_HD125
Compiling module xil_defaultlib.IBUF_HD126
Compiling module xil_defaultlib.IBUF_HD127
Compiling module xil_defaultlib.IBUF_HD128
Compiling module xil_defaultlib.IBUF_HD129
Compiling module simprims_ver.OBUF
Compiling module xil_defaultlib.IBUF_HD130
Compiling module xil_defaultlib.IBUF_HD131
Compiling module xil_defaultlib.IBUF_HD132
Compiling module xil_defaultlib.IBUF_HD133
Compiling module xil_defaultlib.IBUF_HD134
Compiling module xil_defaultlib.IBUF_HD135
Compiling module xil_defaultlib.IBUF_HD136
Compiling module xil_defaultlib.IBUF_HD137
Compiling module xil_defaultlib.IBUF_HD138
Compiling module xil_defaultlib.IBUF_HD139
Compiling module xil_defaultlib.IBUF_HD140
Compiling module xil_defaultlib.IBUF_HD141
Compiling module xil_defaultlib.IBUF_HD142
Compiling module xil_defaultlib.IBUF_HD143
Compiling module xil_defaultlib.IBUF_HD144
Compiling module xil_defaultlib.IBUF_HD145
Compiling module xil_defaultlib.IBUF_HD146
Compiling module xil_defaultlib.IBUF_HD147
Compiling module xil_defaultlib.IBUF_HD148
Compiling module xil_defaultlib.IBUF_HD149
Compiling module xil_defaultlib.IBUF_HD150
Compiling module xil_defaultlib.IBUF_HD151
Compiling module xil_defaultlib.IBUF_HD152
Compiling module xil_defaultlib.IBUF_HD153
Compiling module xil_defaultlib.IBUF_HD154
Compiling module xil_defaultlib.IBUF_HD155
Compiling module xil_defaultlib.IBUF_HD156
Compiling module xil_defaultlib.IBUF_HD157
Compiling module xil_defaultlib.IBUF_HD158
Compiling module xil_defaultlib.IBUF_HD159
Compiling module xil_defaultlib.IBUF_HD160
Compiling module xil_defaultlib.IBUF_HD161
Compiling module xil_defaultlib.IBUF_HD162
Compiling module xil_defaultlib.IBUF_HD163
Compiling module xil_defaultlib.IBUF_HD164
Compiling module xil_defaultlib.IBUF_HD165
Compiling module xil_defaultlib.IBUF_HD166
Compiling module xil_defaultlib.IBUF_HD167
Compiling module xil_defaultlib.IBUF_HD168
Compiling module xil_defaultlib.IBUF_HD169
Compiling module xil_defaultlib.IBUF_HD170
Compiling module xil_defaultlib.IBUF_HD171
Compiling module xil_defaultlib.IBUF_HD172
Compiling module xil_defaultlib.IBUF_HD173
Compiling module xil_defaultlib.IBUF_HD174
Compiling module xil_defaultlib.IBUF_HD175
Compiling module xil_defaultlib.IBUF_HD176
Compiling module xil_defaultlib.IBUF_HD177
Compiling module xil_defaultlib.IBUF_HD178
Compiling module xil_defaultlib.IBUF_HD179
Compiling module xil_defaultlib.IBUF_HD180
Compiling module xil_defaultlib.IBUF_HD181
Compiling module xil_defaultlib.IBUF_HD182
Compiling module xil_defaultlib.IBUF_HD183
Compiling module xil_defaultlib.IBUF_HD184
Compiling module xil_defaultlib.IBUF_HD185
Compiling module xil_defaultlib.IBUF_HD186
Compiling module xil_defaultlib.IBUF_HD187
Compiling module xil_defaultlib.IBUF_HD188
Compiling module xil_defaultlib.IBUF_HD189
Compiling module xil_defaultlib.IBUF_HD190
Compiling module xil_defaultlib.IBUF_HD191
Compiling module xil_defaultlib.IBUF_HD192
Compiling module xil_defaultlib.IBUF_HD193
Compiling module xil_defaultlib.IBUF_HD194
Compiling module xil_defaultlib.IBUF_HD195
Compiling module xil_defaultlib.IBUF_HD196
Compiling module xil_defaultlib.IBUF_HD197
Compiling module xil_defaultlib.IBUF_HD198
Compiling module xil_defaultlib.IBUF_HD199
Compiling module xil_defaultlib.IBUF_HD200
Compiling module xil_defaultlib.IBUF_HD201
Compiling module xil_defaultlib.IBUF_HD202
Compiling module xil_defaultlib.IBUF_HD203
Compiling module xil_defaultlib.IBUF_HD204
Compiling module xil_defaultlib.IBUF_HD205
Compiling module xil_defaultlib.IBUF_HD206
Compiling module xil_defaultlib.IBUF_HD207
Compiling module xil_defaultlib.IBUF_HD208
Compiling module xil_defaultlib.IBUF_HD209
Compiling module xil_defaultlib.IBUF_HD210
Compiling module xil_defaultlib.IBUF_HD211
Compiling module xil_defaultlib.IBUF_HD212
Compiling module xil_defaultlib.IBUF_HD213
Compiling module xil_defaultlib.IBUF_HD214
Compiling module xil_defaultlib.IBUF_HD215
Compiling module xil_defaultlib.IBUF_HD216
Compiling module xil_defaultlib.IBUF_HD217
Compiling module xil_defaultlib.IBUF_HD218
Compiling module xil_defaultlib.IBUF_HD219
Compiling module xil_defaultlib.IBUF_HD220
Compiling module xil_defaultlib.IBUF_HD221
Compiling module xil_defaultlib.IBUF_HD222
Compiling module xil_defaultlib.IBUF_HD223
Compiling module xil_defaultlib.IBUF_HD224
Compiling module xil_defaultlib.IBUF_HD225
Compiling module xil_defaultlib.IBUF_HD226
Compiling module xil_defaultlib.IBUF_HD227
Compiling module xil_defaultlib.IBUF_HD228
Compiling module xil_defaultlib.IBUF_HD229
Compiling module xil_defaultlib.IBUF_HD230
Compiling module xil_defaultlib.IBUF_HD231
Compiling module xil_defaultlib.IBUF_HD232
Compiling module xil_defaultlib.IBUF_HD233
Compiling module xil_defaultlib.IBUF_HD234
Compiling module xil_defaultlib.IBUF_HD235
Compiling module xil_defaultlib.IBUF_HD236
Compiling module xil_defaultlib.IBUF_HD237
Compiling module xil_defaultlib.IBUF_HD238
Compiling module xil_defaultlib.IBUF_HD239
Compiling module xil_defaultlib.IBUF_HD240
Compiling module xil_defaultlib.IBUF_HD241
Compiling module xil_defaultlib.IBUF_HD242
Compiling module xil_defaultlib.IBUF_HD243
Compiling module xil_defaultlib.IBUF_HD244
Compiling module xil_defaultlib.IBUF_HD245
Compiling module xil_defaultlib.IBUF_HD246
Compiling module xil_defaultlib.IBUF_HD247
Compiling module xil_defaultlib.IBUF_HD248
Compiling module xil_defaultlib.IBUF_HD249
Compiling module xil_defaultlib.IBUF_HD250
Compiling module xil_defaultlib.IBUF_HD251
Compiling module xil_defaultlib.IBUF_HD252
Compiling module xil_defaultlib.IBUF_HD253
Compiling module xil_defaultlib.IBUF_HD254
Compiling module xil_defaultlib.IBUF_HD255
Compiling module xil_defaultlib.IBUF_HD256
Compiling module xil_defaultlib.IBUF_HD257
Compiling module xil_defaultlib.IBUF_HD258
Compiling module xil_defaultlib.AES128
Compiling architecture behavioural of entity xil_defaultlib.aes128_tb
Built simulation snapshot AES128_tb_time_synth
