set ucliGUI::state
set ucliGUI::state
ucliCore::getToolPID
synopsys::env hasTB
trigger_hier_stack_context_switch 0
synopsys::xml set_array_limit <data limit="50" />
synopsys::xml set_depth_limit <data limit="100" />
synopsys::xml set_string_limit <data limit="1000" />
synopsys::xml set_only_active_frame <data value="1" />
synopsys::xml set_variable_frame_id <data value="1" />
synUtils::setDVEInitPhase 1
synopsys::dump -type VPD -file /users/students/r0622838/digital-design-flow-aes/03_VERIFICATION/inter.vpd -locking
synopsys::dump -autoflush on -fid VPD0
set ::dve_fid VPD0
synUtils::setDVEInitPhase 0
ucliCore::getToolPID
synUtils::sendTool -active _icl_setToolSocket /tmp/smlnp63UjIR
synUtils::sendTool -active {_icl_start_rpc -version "M-2017.03_Full64" -sync_file /tmp/vcs_dve_rpc.r0622838.3778}
synUtils::sendTool -active {_icl_createSharedMemory /tmp/vcs_dve_general.r0622838.3778}
config endofsim noexit
config onfail enable all
config syscaddplainmembers
config syscaddsourcenames
config syscaddstructtypes
synopsys::listing -disable
ucliGUI::vpdAddHierarchy -scope /AES128_TB/DUT -depth 1 -file /users/students/r0622838/digital-design-flow-aes/03_VERIFICATION/inter.vpd; synopsys::dump -flush VPD0
synopsys::dump -add {/AES128_TB/DUT/ARK_out_reg_in /AES128_TB/DUT/DI_reg_out /AES128_TB/DUT/DO_reg_out /AES128_TB/DUT/MC_out_ARK_mux_in /AES128_TB/DUT/SB_out_shiftrow_in /AES128_TB/DUT/SR_out_MC_in /AES128_TB/DUT/SYNOPSYS_UNCONNECTED__0 {/AES128_TB/DUT/\contr_out_ARK_mux_sel[0] } /AES128_TB/DUT/ce /AES128_TB/DUT/clear_sign /AES128_TB/DUT/clock /AES128_TB/DUT/contr_out_DO_mux_sel /AES128_TB/DUT/data_in /AES128_TB/DUT/data_out /AES128_TB/DUT/done /AES128_TB/DUT/hold_data_out_sign /AES128_TB/DUT/key /AES128_TB/DUT/key_out_ARK_in /AES128_TB/DUT/n1001 /AES128_TB/DUT/n1003 /AES128_TB/DUT/n1005 /AES128_TB/DUT/n1007 /AES128_TB/DUT/n1009 /AES128_TB/DUT/n1011 /AES128_TB/DUT/n1013 /AES128_TB/DUT/n1015 /AES128_TB/DUT/n1017 /AES128_TB/DUT/n1019 /AES128_TB/DUT/n1021 /AES128_TB/DUT/n1023 /AES128_TB/DUT/n1025 /AES128_TB/DUT/n1027 /AES128_TB/DUT/n1029 /AES128_TB/DUT/n1031 /AES128_TB/DUT/n1033 /AES128_TB/DUT/n1035 /AES128_TB/DUT/n1037 /AES128_TB/DUT/n1039 /AES128_TB/DUT/n1041 /AES128_TB/DUT/n1043 /AES128_TB/DUT/n1045 /AES128_TB/DUT/n1047 /AES128_TB/DUT/n1049 /AES128_TB/DUT/n1051 /AES128_TB/DUT/n1053 /AES128_TB/DUT/n1055 /AES128_TB/DUT/n1057 /AES128_TB/DUT/n1059 /AES128_TB/DUT/n1061 /AES128_TB/DUT/n1063 /AES128_TB/DUT/n1065 /AES128_TB/DUT/n1067 /AES128_TB/DUT/n1069 /AES128_TB/DUT/n1071 /AES128_TB/DUT/n1073 /AES128_TB/DUT/n1075 /AES128_TB/DUT/n1077 /AES128_TB/DUT/n1079 /AES128_TB/DUT/n1081 /AES128_TB/DUT/n1083 /AES128_TB/DUT/n1085 /AES128_TB/DUT/n1087 /AES128_TB/DUT/n1089 /AES128_TB/DUT/n1091 /AES128_TB/DUT/n1093 /AES128_TB/DUT/n1095 /AES128_TB/DUT/n1097 /AES128_TB/DUT/n1099 /AES128_TB/DUT/n1101 /AES128_TB/DUT/n1103 /AES128_TB/DUT/n1105 /AES128_TB/DUT/n1107 /AES128_TB/DUT/n1109 /AES128_TB/DUT/n1111 /AES128_TB/DUT/n1113 /AES128_TB/DUT/n1115 /AES128_TB/DUT/n1117 /AES128_TB/DUT/n1119 /AES128_TB/DUT/n1121 /AES128_TB/DUT/n1123 /AES128_TB/DUT/n1125 /AES128_TB/DUT/n1127 /AES128_TB/DUT/n1129 /AES128_TB/DUT/n1131 /AES128_TB/DUT/n1133 /AES128_TB/DUT/n1135 /AES128_TB/DUT/n1137 /AES128_TB/DUT/n1139 /AES128_TB/DUT/n1141 /AES128_TB/DUT/n1143 /AES128_TB/DUT/n1145 /AES128_TB/DUT/n1147 /AES128_TB/DUT/n1149 /AES128_TB/DUT/n1151 /AES128_TB/DUT/n1153 /AES128_TB/DUT/n1156 /AES128_TB/DUT/n1418 /AES128_TB/DUT/n1419 /AES128_TB/DUT/n1420 /AES128_TB/DUT/n1421 /AES128_TB/DUT/n1422 /AES128_TB/DUT/n1423 /AES128_TB/DUT/n1424 /AES128_TB/DUT/n1425 /AES128_TB/DUT/n1426 /AES128_TB/DUT/n1427 /AES128_TB/DUT/n1428 /AES128_TB/DUT/n1429 /AES128_TB/DUT/n1430 /AES128_TB/DUT/n1431 /AES128_TB/DUT/n1432 /AES128_TB/DUT/n1433 /AES128_TB/DUT/n1434 /AES128_TB/DUT/n1435 /AES128_TB/DUT/n1436 /AES128_TB/DUT/n1437 /AES128_TB/DUT/n1438 /AES128_TB/DUT/n1439 /AES128_TB/DUT/n1440 /AES128_TB/DUT/n1441 /AES128_TB/DUT/n1442 /AES128_TB/DUT/n1443 /AES128_TB/DUT/n1444 /AES128_TB/DUT/n1445 /AES128_TB/DUT/n1446 /AES128_TB/DUT/n1447 /AES128_TB/DUT/n1448 /AES128_TB/DUT/n1449 /AES128_TB/DUT/n1450 /AES128_TB/DUT/n1451 /AES128_TB/DUT/n1452 /AES128_TB/DUT/n1453 /AES128_TB/DUT/n1454 /AES128_TB/DUT/n1455 /AES128_TB/DUT/n1456 /AES128_TB/DUT/n1457 /AES128_TB/DUT/n1458 /AES128_TB/DUT/n1459 /AES128_TB/DUT/n1460 /AES128_TB/DUT/n1461 /AES128_TB/DUT/n1462 /AES128_TB/DUT/n1463 /AES128_TB/DUT/n1464 /AES128_TB/DUT/n1465 /AES128_TB/DUT/n1466 /AES128_TB/DUT/n1467 /AES128_TB/DUT/n1468 /AES128_TB/DUT/n1469 /AES128_TB/DUT/n1470 /AES128_TB/DUT/n1471 /AES128_TB/DUT/n1472 /AES128_TB/DUT/n1473 /AES128_TB/DUT/n1474 /AES128_TB/DUT/n1475 /AES128_TB/DUT/n1476 /AES128_TB/DUT/n1477 /AES128_TB/DUT/n1478 /AES128_TB/DUT/n1479 /AES128_TB/DUT/n1480 /AES128_TB/DUT/n1481 /AES128_TB/DUT/n1482 /AES128_TB/DUT/n1483 /AES128_TB/DUT/n1484 /AES128_TB/DUT/n1485 /AES128_TB/DUT/n1486 /AES128_TB/DUT/n1487 /AES128_TB/DUT/n1488 /AES128_TB/DUT/n1489 /AES128_TB/DUT/n1490 /AES128_TB/DUT/n1491 /AES128_TB/DUT/n1492 /AES128_TB/DUT/n1493 /AES128_TB/DUT/n1494 /AES128_TB/DUT/n1495 /AES128_TB/DUT/n1496 /AES128_TB/DUT/n1497 /AES128_TB/DUT/n1498 /AES128_TB/DUT/n1499 /AES128_TB/DUT/n1500 /AES128_TB/DUT/n1501 /AES128_TB/DUT/n1502 /AES128_TB/DUT/n1503 /AES128_TB/DUT/n1504 /AES128_TB/DUT/n1505 /AES128_TB/DUT/n1506 /AES128_TB/DUT/n1507 /AES128_TB/DUT/n1508 /AES128_TB/DUT/n1509 /AES128_TB/DUT/n1510 /AES128_TB/DUT/n1511 /AES128_TB/DUT/n1512 /AES128_TB/DUT/n1513 /AES128_TB/DUT/n1514 /AES128_TB/DUT/n1515 /AES128_TB/DUT/n1516 /AES128_TB/DUT/n1517 /AES128_TB/DUT/n1518 /AES128_TB/DUT/n1519 /AES128_TB/DUT/n1520 /AES128_TB/DUT/n1521 /AES128_TB/DUT/n1522 /AES128_TB/DUT/n1523 /AES128_TB/DUT/n1524 /AES128_TB/DUT/n1525 /AES128_TB/DUT/n1526 /AES128_TB/DUT/n1527 /AES128_TB/DUT/n1528 /AES128_TB/DUT/n1529 /AES128_TB/DUT/n1530 /AES128_TB/DUT/n1531 /AES128_TB/DUT/n1532 /AES128_TB/DUT/n1533 /AES128_TB/DUT/n1534 /AES128_TB/DUT/n1535 /AES128_TB/DUT/n1536 /AES128_TB/DUT/n1537 /AES128_TB/DUT/n1538 /AES128_TB/DUT/n1539 /AES128_TB/DUT/n1540 /AES128_TB/DUT/n1541 /AES128_TB/DUT/n1542 /AES128_TB/DUT/n1543 /AES128_TB/DUT/n1544 /AES128_TB/DUT/n1545 /AES128_TB/DUT/n1546 /AES128_TB/DUT/n1547 /AES128_TB/DUT/n1548 /AES128_TB/DUT/n1549 /AES128_TB/DUT/n1550 /AES128_TB/DUT/n1551 /AES128_TB/DUT/n1552 /AES128_TB/DUT/n1553 /AES128_TB/DUT/n1554 /AES128_TB/DUT/n1555 /AES128_TB/DUT/n1556 /AES128_TB/DUT/n1557 /AES128_TB/DUT/n1558 /AES128_TB/DUT/n1559 /AES128_TB/DUT/n1560 /AES128_TB/DUT/n1561 /AES128_TB/DUT/n1562 /AES128_TB/DUT/n1563 /AES128_TB/DUT/n1564 /AES128_TB/DUT/n1565 /AES128_TB/DUT/n1566 /AES128_TB/DUT/n1567 /AES128_TB/DUT/n1568 /AES128_TB/DUT/n1569 /AES128_TB/DUT/n1570 /AES128_TB/DUT/n1571 /AES128_TB/DUT/n1572 /AES128_TB/DUT/n1573 /AES128_TB/DUT/n1574 /AES128_TB/DUT/n1575 /AES128_TB/DUT/n1576 /AES128_TB/DUT/n1577 /AES128_TB/DUT/n1578 /AES128_TB/DUT/n1579 /AES128_TB/DUT/n1580 /AES128_TB/DUT/n1581 /AES128_TB/DUT/n1582 /AES128_TB/DUT/n1583 /AES128_TB/DUT/n1584 /AES128_TB/DUT/n1585 /AES128_TB/DUT/n1586 /AES128_TB/DUT/n1587 /AES128_TB/DUT/n1588 /AES128_TB/DUT/n1589 /AES128_TB/DUT/n1590 /AES128_TB/DUT/n1591 /AES128_TB/DUT/n1592 /AES128_TB/DUT/n1593 /AES128_TB/DUT/n1594 /AES128_TB/DUT/n1595 /AES128_TB/DUT/n1596 /AES128_TB/DUT/n1597 /AES128_TB/DUT/n1598 /AES128_TB/DUT/n1599 /AES128_TB/DUT/n1600 /AES128_TB/DUT/n1601 /AES128_TB/DUT/n1602 /AES128_TB/DUT/n1603 /AES128_TB/DUT/n1604 /AES128_TB/DUT/n1605 /AES128_TB/DUT/n1606 /AES128_TB/DUT/n1607 /AES128_TB/DUT/n1608 /AES128_TB/DUT/n1609 /AES128_TB/DUT/n1610 /AES128_TB/DUT/n1611 /AES128_TB/DUT/n1612 /AES128_TB/DUT/n1613 /AES128_TB/DUT/n1614 /AES128_TB/DUT/n1615 /AES128_TB/DUT/n1616 /AES128_TB/DUT/n1617 /AES128_TB/DUT/n1618 /AES128_TB/DUT/n1619 /AES128_TB/DUT/n1620 /AES128_TB/DUT/n1621 /AES128_TB/DUT/n1622 /AES128_TB/DUT/n1623 /AES128_TB/DUT/n1624 /AES128_TB/DUT/n1625 /AES128_TB/DUT/n1626 /AES128_TB/DUT/n1627 /AES128_TB/DUT/n1628 /AES128_TB/DUT/n1629 /AES128_TB/DUT/n1630 /AES128_TB/DUT/n1631 /AES128_TB/DUT/n1632 /AES128_TB/DUT/n1633 /AES128_TB/DUT/n1634 /AES128_TB/DUT/n1635 /AES128_TB/DUT/n1636 /AES128_TB/DUT/n1637 /AES128_TB/DUT/n1638 /AES128_TB/DUT/n1639 /AES128_TB/DUT/n1640 /AES128_TB/DUT/n1641 /AES128_TB/DUT/n1642 /AES128_TB/DUT/n1643 /AES128_TB/DUT/n1644 /AES128_TB/DUT/n1645 /AES128_TB/DUT/n1646 /AES128_TB/DUT/n1647 /AES128_TB/DUT/n1648 /AES128_TB/DUT/n1649 /AES128_TB/DUT/n1650 /AES128_TB/DUT/n1651 /AES128_TB/DUT/n1652 /AES128_TB/DUT/n1653 /AES128_TB/DUT/n1654 /AES128_TB/DUT/n1655 /AES128_TB/DUT/n1656 /AES128_TB/DUT/n1657 /AES128_TB/DUT/n1658 /AES128_TB/DUT/n1659 /AES128_TB/DUT/n1660 /AES128_TB/DUT/n1661 /AES128_TB/DUT/n1662 /AES128_TB/DUT/n1663 /AES128_TB/DUT/n1664 /AES128_TB/DUT/n1665 /AES128_TB/DUT/n1666 /AES128_TB/DUT/n1667 /AES128_TB/DUT/n1668 /AES128_TB/DUT/n1669 /AES128_TB/DUT/n1670 /AES128_TB/DUT/n1671 /AES128_TB/DUT/n1672 /AES128_TB/DUT/n1673 /AES128_TB/DUT/n1674 /AES128_TB/DUT/n1675 /AES128_TB/DUT/n1676 /AES128_TB/DUT/n1677 /AES128_TB/DUT/n1678 /AES128_TB/DUT/n1679 /AES128_TB/DUT/n1680 /AES128_TB/DUT/n1681 /AES128_TB/DUT/n1682 /AES128_TB/DUT/n1683 /AES128_TB/DUT/n1684 /AES128_TB/DUT/n1685 /AES128_TB/DUT/n1686 /AES128_TB/DUT/n1687 /AES128_TB/DUT/n1688 /AES128_TB/DUT/n1689 /AES128_TB/DUT/n1690 /AES128_TB/DUT/n1691 /AES128_TB/DUT/n1692 /AES128_TB/DUT/n1693 /AES128_TB/DUT/n1694 /AES128_TB/DUT/n1695 /AES128_TB/DUT/n1696 /AES128_TB/DUT/n1697 /AES128_TB/DUT/n1698 /AES128_TB/DUT/n1699 /AES128_TB/DUT/n1700 /AES128_TB/DUT/n1701 /AES128_TB/DUT/n1702 /AES128_TB/DUT/n1703 /AES128_TB/DUT/n1704 /AES128_TB/DUT/n1705 /AES128_TB/DUT/n1706 /AES128_TB/DUT/n1707 /AES128_TB/DUT/n1708 /AES128_TB/DUT/n1709 /AES128_TB/DUT/n1710 /AES128_TB/DUT/n1711 /AES128_TB/DUT/n1712 /AES128_TB/DUT/n1713 /AES128_TB/DUT/n1714 /AES128_TB/DUT/n1715 /AES128_TB/DUT/n1716 /AES128_TB/DUT/n1717 /AES128_TB/DUT/n1718 /AES128_TB/DUT/n1719 /AES128_TB/DUT/n1720 /AES128_TB/DUT/n1721 /AES128_TB/DUT/n1722 /AES128_TB/DUT/n1723 /AES128_TB/DUT/n1724 /AES128_TB/DUT/n1725 /AES128_TB/DUT/n1726 /AES128_TB/DUT/n1727 /AES128_TB/DUT/n1728 /AES128_TB/DUT/n1729 /AES128_TB/DUT/n1730 /AES128_TB/DUT/n1731 /AES128_TB/DUT/n1732 /AES128_TB/DUT/n1733 /AES128_TB/DUT/n1734 /AES128_TB/DUT/n1735 /AES128_TB/DUT/n1736 /AES128_TB/DUT/n1737 /AES128_TB/DUT/n1738 /AES128_TB/DUT/n1739 /AES128_TB/DUT/n1740 /AES128_TB/DUT/n1741 /AES128_TB/DUT/n1742 /AES128_TB/DUT/n1743 /AES128_TB/DUT/n1744 /AES128_TB/DUT/n1745 /AES128_TB/DUT/n1746 /AES128_TB/DUT/n1747 /AES128_TB/DUT/n1748 /AES128_TB/DUT/n1749 /AES128_TB/DUT/n1750 /AES128_TB/DUT/n1751 /AES128_TB/DUT/n1752 /AES128_TB/DUT/n1753 /AES128_TB/DUT/n1754 /AES128_TB/DUT/n1755 /AES128_TB/DUT/n1756 /AES128_TB/DUT/n1757 /AES128_TB/DUT/n1758 /AES128_TB/DUT/n1759 /AES128_TB/DUT/n1760 /AES128_TB/DUT/n1761 /AES128_TB/DUT/n1762 /AES128_TB/DUT/n1763 /AES128_TB/DUT/n1764 /AES128_TB/DUT/n1765 /AES128_TB/DUT/n1766 /AES128_TB/DUT/n1767 /AES128_TB/DUT/n1768 /AES128_TB/DUT/n1769 /AES128_TB/DUT/n1770 /AES128_TB/DUT/n1771 /AES128_TB/DUT/n1772 /AES128_TB/DUT/n1773 /AES128_TB/DUT/n1774 /AES128_TB/DUT/n1775 /AES128_TB/DUT/n1776 /AES128_TB/DUT/n1777 /AES128_TB/DUT/n1778 /AES128_TB/DUT/n1779 /AES128_TB/DUT/n1780 /AES128_TB/DUT/n1781 /AES128_TB/DUT/n1782 /AES128_TB/DUT/n1783 /AES128_TB/DUT/n1784 /AES128_TB/DUT/n1785 /AES128_TB/DUT/n1786 /AES128_TB/DUT/n1787 /AES128_TB/DUT/n1788 /AES128_TB/DUT/n1789 /AES128_TB/DUT/n17... (31425 chars skipped)
synopsys::run -relative 9000.000000ns
set ucliGUI::state
set ucliGUI::state
set ucliGUI::state
set ucliGUI::state
set ucliGUI::state
synopsys::xml get_stop_data
synopsys::run -relative 9000.000000ns
set ucliGUI::state
set ucliGUI::state
set ucliGUI::state
set ucliGUI::state
set ucliGUI::state
synopsys::xml get_stop_data
synopsys::run -relative 9000.000000ns
set ucliGUI::state
set ucliGUI::state
set ucliGUI::state
set ucliGUI::state
set ucliGUI::state
synopsys::xml get_stop_data
synopsys::run -relative 9000.000000ns
set ucliGUI::state
set ucliGUI::state
set ucliGUI::state
set ucliGUI::state
set ucliGUI::state
synopsys::xml get_stop_data
synopsys::run -relative 9000.000000ns
set ucliGUI::state
set ucliGUI::state
set ucliGUI::state
set ucliGUI::state
set ucliGUI::state
synopsys::xml get_stop_data
synopsys::run -relative 9000.000000ns
set ucliGUI::state
set ucliGUI::state
set ucliGUI::state
set ucliGUI::state
set ucliGUI::state
synopsys::xml get_stop_data
synopsys::run -relative 9000.000000ns
set ucliGUI::state
set ucliGUI::state
set ucliGUI::state
set ucliGUI::state
set ucliGUI::state
synopsys::xml get_stop_data
synopsys::run -relative 9000.000000ns
set ucliGUI::state
set ucliGUI::state
set ucliGUI::state
set ucliGUI::state
set ucliGUI::state
synopsys::xml get_stop_data
synopsys::run -relative 9000.000000ns
set ucliGUI::state
set ucliGUI::state
set ucliGUI::state
set ucliGUI::state
set ucliGUI::state
synopsys::xml get_stop_data
synopsys::run -relative 9000.000000ns
set ucliGUI::state
set ucliGUI::state
set ucliGUI::state
set ucliGUI::state
set ucliGUI::state
synopsys::xml get_stop_data
synopsys::run -relative 9000.000000ns
set ucliGUI::state
set ucliGUI::state
set ucliGUI::state
set ucliGUI::state
set ucliGUI::state
synopsys::xml get_stop_data
synopsys::run -relative 9000.000000ns
set ucliGUI::state
set ucliGUI::state
set ucliGUI::state
set ucliGUI::state
set ucliGUI::state
synopsys::xml get_stop_data
synopsys::run -relative 9000.000000ns
set ucliGUI::state
set ucliGUI::state
set ucliGUI::state
set ucliGUI::state
set ucliGUI::state
synopsys::xml get_stop_data
synopsys::run -relative 9000.000000ns
set ucliGUI::state
set ucliGUI::state
set ucliGUI::state
set ucliGUI::state
set ucliGUI::state
synopsys::xml get_stop_data
synopsys::run -relative 9000.000000ns
set ucliGUI::state
set ucliGUI::state
set ucliGUI::state
set ucliGUI::state
set ucliGUI::state
synopsys::xml get_stop_data
synopsys::run -relative 9000.000000ns
set ucliGUI::state
set ucliGUI::state
set ucliGUI::state
set ucliGUI::state
set ucliGUI::state
synopsys::xml get_stop_data
synopsys::run -relative 9000.000000ns
set ucliGUI::state
set ucliGUI::state
set ucliGUI::state
set ucliGUI::state
set ucliGUI::state
synopsys::xml get_stop_data
synopsys::run -relative 9000.000000ns
set ucliGUI::state
set ucliGUI::state
set ucliGUI::state
set ucliGUI::state
set ucliGUI::state
synopsys::xml get_stop_data
synopsys::run -relative 9000.000000ns
set ucliGUI::state
set ucliGUI::state
set ucliGUI::state
set ucliGUI::state
set ucliGUI::state
synopsys::xml get_stop_data
synopsys::run -relative 20000.000000ns
set ucliGUI::state
set ucliGUI::state
set ucliGUI::state
set ucliGUI::state
set ucliGUI::state
synopsys::xml get_stop_data
synopsys::run -relative 20000.000000ns
set ucliGUI::state
set ucliGUI::state
set ucliGUI::state
set ucliGUI::state
set ucliGUI::state
synopsys::xml get_stop_data
synopsys::run -relative 20000.000000ns
set ucliGUI::state
set ucliGUI::state
set ucliGUI::state
set ucliGUI::state
set ucliGUI::state
synopsys::xml get_stop_data
if [catch {gui_sim_terminate}] {gui_sim_terminate -kill}
synopsys::finish
set ucliGUI::state
set ucliGUI::state
ucli_exit
