              Synopsys VCS MX Compiled Simulator(simv)
                  Version M-2017.03 -- Feb 15, 2017
              Copyright (c) 1991-2017 by Synopsys Inc.
                         ALL RIGHTS RESERVED
This program is proprietary and confidential information of Synopsys Inc.
and may be used and disclosed only as authorized in a license agreement
controlling such use and disclosure.
Chronologic VCS simulator copyright 1991-2017
Contains Synopsys proprietary information.
Compiler version M-2017.03_Full64; Runtime version M-2017.03_Full64;  Mar 10 17:50 2019
Doing SDF annotation ...... Done
The file '/users/students/r0622838/digital-design-flow-aes/03_VERIFICATION/inter.vpd' was opened successfully.
9000000 PS

"/users/students/r0622838/digital-design-flow-aes/99_SRC/technology/NCSU-FreePDK45-1.4/FreePDK45/osu_soc/lib/files/gscl45nm.v", 578: Timing violation in \AES128_TB.DUT .Ctl_FSM.\nxtState_reg[1] 
    $setuphold( negedge CLK:7550890, posedge D:7550720, limits: (2070,-40) );

18000000 PS

"/users/students/r0622838/digital-design-flow-aes/99_SRC/technology/NCSU-FreePDK45-1.4/FreePDK45/osu_soc/lib/files/gscl45nm.v", 578: Timing violation in \AES128_TB.DUT .Ctl_FSM.\nxtState_reg[2] 
    $setuphold( negedge CLK:9500140, posedge D:9500070, limits: (180,10) );


"/users/students/r0622838/digital-design-flow-aes/99_SRC/technology/NCSU-FreePDK45-1.4/FreePDK45/osu_soc/lib/files/gscl45nm.v", 578: Timing violation in \AES128_TB.DUT .Ctl_FSM.\nxtState_reg[2] 
    $setuphold( negedge CLK:10350140, posedge D:10350070, limits: (180,10) );


"/users/students/r0622838/digital-design-flow-aes/99_SRC/technology/NCSU-FreePDK45-1.4/FreePDK45/osu_soc/lib/files/gscl45nm.v", 578: Timing violation in \AES128_TB.DUT .Ctl_FSM.\nxtState_reg[2] 
    $setuphold( negedge CLK:12250140, posedge D:12250070, limits: (180,10) );

27000000 PS
36000000 PS
45000000 PS
54000000 PS
63000000 PS
72000000 PS
81000000 PS
90000000 PS
99000000 PS
108000000 PS
117000000 PS
126000000 PS
135000000 PS
144000000 PS
153000000 PS
162000000 PS
171000000 PS
191000000 PS
211000000 PS
231000000 PS
