17:50:15    16 -->                                                             [tcl] ucliGUI::connect -toolargs -ucligui -toolexe ./simv -pid 3778 -toolin /tmp/vcs_20190310165010_3777_r0622838..stdin -toolout /tmp/vcs_20190310165010_3777_r0622838..stdout  
17:50:15    17 -->                                                                 [tcl] set ucliGUI::state
17:50:15    18 -->                                                                     [tcl] gui_update_simulator_buttons
17:50:16    19 -->                                                                         [tcl] set ucliGUI::state
17:50:16    20 -->                                                                             [tcl] ucliCore::getToolPID
17:50:16    21 -->                                                                                 [tcl] synopsys::env hasTB
17:50:16    22 -->                                                                                     [tcl] trigger_hier_stack_context_switch 0
17:50:16    23 -->                                                                                         [tcl] synopsys::xml set_array_limit <data limit="50" />
17:50:16    24 -->                                                                                             [tcl] synopsys::xml set_depth_limit <data limit="100" />
17:50:16    25 --> ...  [tcl] synopsys::xml set_string_limit <data limit="1000" />
17:50:16    26 --> ...      [tcl] synopsys::xml set_only_active_frame <data value="1" />
17:50:16    27 --> ...          [tcl] synopsys::xml set_variable_frame_id <data value="1" />
17:50:16    28 --> ...              [tcl] synUtils::setDVEInitPhase 1
17:50:16    29 --> ...                  [tcl] gui_get_env SIMSETUP::SIMVPD
17:50:16    30 --> ...                      [tcl] synopsys::dump -type VPD -file /users/students/r0622838/digital-design-flow-aes/03_VERIFICATION/inter.vpd -locking
17:50:16    31 --> ...                          [tcl] synopsys::dump -autoflush on -fid VPD0
17:50:16    32 --> ...                              [tcl] set ::dve_fid VPD0
17:50:16    33 --> ...                                  [tcl] synUtils::setDVEInitPhase 0
17:50:16    34 --> ...                                      [tcl] ucliCore::getToolPID
17:50:16    35 --> ...                                          [tcl] synUtils::sendTool -active _icl_setToolSocket /tmp/smlnp63UjIR
17:50:16    36 --> ...                                              [tcl] synUtils::sendTool -active {_icl_start_rpc -version "M-2017.03_Full64" -sync_file /tmp/vcs_dve_rpc.r0622838.3778}
17:50:16    37 --> ...                                                  [tcl] synUtils::sendTool -active {_icl_createSharedMemory /tmp/vcs_dve_general.r0622838.3778}
17:50:17    38 --> ...                                                      [tcl] dveMisc::vbusExpand /AES128_TB
17:50:17    39 --> ...                                                          [tcl] config endofsim noexit
17:50:17    40 --> ...                                                              [tcl] config onfail enable all
17:50:17    41 --> ...                                                                  [tcl] config syscaddplainmembers
17:50:17    42 --> ...                                                                      [tcl] config syscaddsourcenames
17:50:17    43 --> ...                                                                          [tcl] config syscaddstructtypes
17:50:17    44 --> ...                                                                              [tcl] synopsys::listing -disable
17:50:25    45 --> ...                                                                                  [tcl] dveMisc::vbusExpand /AES128_TB/DUT
17:50:35    46 --> ...                                                                                      [tcl] ucliGUI::vpdAddHierarchy -scope /AES128_TB/DUT -depth 1 -file /users/students/r0622838/digital-design-flow-aes/03_VERIFICATION/inter.vpd; synopsys::dump -flush VPD0
17:50:35    47 --> ...                                                                                          [tcl] synopsys::dump -add {/AES128_TB/DUT/ARK_out_reg_in /AES128_TB/DUT/DI_reg_out /AES128_TB/DUT/DO_reg_out /AES128_TB/DUT/MC_out_ARK_mux_in /AES128_TB/DUT/SB_out_shiftrow_in /AES128_TB/DUT/SR_out_MC_in /AES128_TB/DUT/SYNOPSYS_UNCONNECTED__0 {/AES128_TB/DUT/\contr_out_ARK_mux_sel[0] } /AES128_TB/DUT/ce /AES128_TB/DUT/clear_sign /AES128_TB/DUT/clock /AES128_TB/DUT/contr_out_DO_mux_sel /AES128_TB/DUT/data_in /AES128_TB/DUT/data_out /AES128_TB/DUT/done /AES128_TB/DUT/hold_data_out_sign /AES128_TB/DUT/key /AES128_TB/DUT/key_out_ARK_in /AES128_TB/DUT/n1001 /AES128_TB/DUT/n1003 /AES128_TB/DUT/n1005 /AES128_TB/DUT/n1007 /AES128_TB/DUT/n1009 /AES128_TB/DUT/n1011 /AES128_TB/DUT/n1013 /AES128_TB/DUT/n1015 /AES128_TB/DUT/n1017 /AES128_TB/DUT/n1019 /AES128_TB/DUT/n1021 /AES128_TB/DUT/n1023 /AES128_TB/DUT/n1025 /AES128_TB/DUT/n1027 /AES128_TB/DUT/n1029 /AES128_TB/DUT/n1031 /AES128_TB/DUT/n1033 /AES128_TB/DUT/n1035 /AES128_TB/DUT/n1037 /AES128_TB/DUT/n1039 /AES128_TB/DUT/n1041 /AES128_TB/DUT/n1043 /AES128_TB/DUT/n1045 /AES128_TB/DUT/n1047 /AES128_TB/DUT/n1049 /AES128_TB/DUT/n1051 /AES128_TB/DUT/n1053 /AES128_TB/DUT/n1055 /AES128_TB/DUT/n1057 /AES128_TB/DUT/n1059 /AES128_TB/DUT/n1061 /AES128_TB/DUT/n1063 /AES128_TB/DUT/n1065 /AES128_TB/DUT/n1067 /AES128_TB/DUT/n1069 /AES128_TB/DUT/n1071 /AES128_TB/DUT/n1073 /AES128_TB/DUT/n1075 /AES128_TB/DUT/n1077 /AES128_TB/DUT/n1079 /AES128_TB/DUT/n1081 /AES128_TB/DUT/n1083 /AES128_TB/DUT/n1085 /AES128_TB/DUT/n1087 /AES128_TB/DUT/n1089 /AES128_TB/DUT/n1091 /AES128_TB/DUT/n1093 /AES128_TB/DUT/n1095 /AES128_TB/DUT/n1097 /AES128_TB/DUT/n1099 /AES128_TB/DUT/n1101 /AES128_TB/DUT/n1103 /AES128_TB/DUT/n1105 /AES128_TB/DUT/n1107 /AES128_TB/DUT/n1109 /AES128_TB/DUT/n1111 /AES128_TB/DUT/n1113 /AES128_TB/DUT/n1115 /AES128_TB/DUT/n1117 /AES128_TB/DUT/n1119 /AES128_TB/DUT/n1121 /AES128_TB/DUT/n1123 /AES128_TB/DUT/n1125 /AES128_TB/DUT/n1127 /AES128_TB/DUT/n1129 /AES128_TB/DUT/n1131 /AES128_TB/DUT/n1133 /AES128_TB/DUT/n1135 /AES128_TB/DUT/n1137 /AES128_TB/DUT/n1139 /AES128_TB/DUT/n1141 /AES128_TB/DUT/n1143 /AES128_TB/DUT/n1145 /AES128_TB/DUT/n1147 /AES128_TB/DUT/n1149 /AES128_TB/DUT/n1151 /AES128_TB/DUT/n1153 /AES128_TB/DUT/n1156 /AES128_TB/DUT/n1418 /AES128_TB/DUT/n1419 /AES128_TB/DUT/n1420 /AES128_TB/DUT/n1421 /AES128_TB/DUT/n1422 /AES128_TB/DUT/n1423 /AES128_TB/DUT/n1424 /AES128_TB/DUT/n1425 /AES128_TB/DUT/n1426 /AES128_TB/DUT/n1427 /AES128_TB/DUT/n1428 /AES128_TB/DUT/n1429 /AES128_TB/DUT/n1430 /AES128_TB/DUT/n1431 /AES128_TB/DUT/n1432 /AES128_TB/DUT/n1433 /AES128_TB/DUT/n1434 /AES128_TB/DUT/n1435 /AES128_TB/DUT/n1436 /AES128_TB/DUT/n1437 /AES128_TB/DUT/n1438 /AES128_TB/DUT/n1439 /AES128_TB/DUT/n1440 /AES128_TB/DUT/n1441 /AES128_TB/DUT/n1442 /AES128_TB/DUT/n1443 /AES128_TB/DUT/n1444 /AES128_TB/DUT/n1445 /AES128_TB/DUT/n1446 /AES128_TB/DUT/n1447 /AES128_TB/DUT/n1448 /AES128_TB/DUT/n1449 /AES128_TB/DUT/n1450 /AES128_TB/DUT/n1451 /AES128_TB/DUT/n1452 /AES128_TB/DUT/n1453 /AES128_TB/DUT/n1454 /AES128_TB/DUT/n1455 /AES128_TB/DUT/n1456 /AES128_TB/DUT/n1457 /AES128_TB/DUT/n1458 /AES128_TB/DUT/n1459 /AES128_TB/DUT/n1460 /AES128_TB/DUT/n1461 /AES128_TB/DUT/n1462 /AES128_TB/DUT/n1463 /AES128_TB/DUT/n1464 /AES128_TB/DUT/n1465 /AES128_TB/DUT/n1466 /AES128_TB/DUT/n1467 /AES128_TB/DUT/n1468 /AES128_TB/DUT/n1469 /AES128_TB/DUT/n1470 /AES128_TB/DUT/n1471 /AES128_TB/DUT/n1472 /AES128_TB/DUT/n1473 /AES128_TB/DUT/n1474 /AES128_TB/DUT/n1475 /AES128_TB/DUT/n1476 /AES128_TB/DUT/n1477 /AES128_TB/DUT/n1478 /AES128_TB/DUT/n1479 /AES128_TB/DUT/n1480 /AES128_TB/DUT/n1481 /AES128_TB/DUT/n1482 /AES128_TB/DUT/n1483 /AES128_TB/DUT/n1484 /AES128_TB/DUT/n1485 /AES128_TB/DUT/n1486 /AES128_TB/DUT/n1487 /AES128_TB/DUT/n1488 /AES128_TB/DUT/n1489 /AES128_TB/DUT/n1490 /AES128_TB/DUT/n1491 /AES128_TB/DUT/n1492 /AES128_TB/DUT/n1493 /AES128_TB/DUT/n1494 /AES128_TB/DUT/n1495 /AES128_TB/DUT/n1496 /AES128_TB/DUT/n1497 /AES128_TB/DUT/n1498 /AES128_TB/DUT/n1499 /AES128_TB/DUT/n1500 /AES128_TB/DUT/n1501 /AES128_TB/DUT/n1502 /AES128_TB/DUT/n1503 /AES128_TB/DUT/n1504 /AES128_TB/DUT/n1505 /AES128_TB/DUT/n1506 /AES128_TB/DUT/n1507 /AES128_TB/DUT/n1508 /AES128_TB/DUT/n1509 /AES128_TB/DUT/n1510 /AES128_TB/DUT/n1511 /AES128_TB/DUT/n1512 /AES128_TB/DUT/n1513 /AES128_TB/DUT/n1514 /AES128_TB/DUT/n1515 /AES128_TB/DUT/n1516 /AES128_TB/DUT/n1517 /AES128_TB/DUT/n1518 /AES128_TB/DUT/n1519 /AES128_TB/DUT/n1520 /AES128_TB/DUT/n1521 /AES128_TB/DUT/n1522 /AES128_TB/DUT/n1523 /AES128_TB/DUT/n1524 /AES128_TB/DUT/n1525 /AES128_TB/DUT/n1526 /AES128_TB/DUT/n1527 /AES128_TB/DUT/n1528 /AES128_TB/DUT/n1529 /AES128_TB/DUT/n1530 /AES128_TB/DUT/n1531 /AES128_TB/DUT/n1532 /AES128_TB/DUT/n1533 /AES128_TB/DUT/n1534 /AES128_TB/DUT/n1535 /AES128_TB/DUT/n1536 /AES128_TB/DUT/n1537 /AES128_TB/DUT/n1538 /AES128_TB/DUT/n1539 /AES128_TB/DUT/n1540 /AES128_TB/DUT/n1541 /AES128_TB/DUT/n1542 /AES128_TB/DUT/n1543 /AES128_TB/DUT/n1544 /AES128_TB/DUT/n1545 /AES128_TB/DUT/n1546 /AES128_TB/DUT/n1547 /AES128_TB/DUT/n1548 /AES128_TB/DUT/n1549 /AES128_TB/DUT/n1550 /AES128_TB/DUT/n1551 /AES128_TB/DUT/n1552 /AES128_TB/DUT/n1553 /AES128_TB/DUT/n1554 /AES128_TB/DUT/n1555 /AES128_TB/DUT/n1556 /AES128_TB/DUT/n1557 /AES128_TB/DUT/n1558 /AES128_TB/DUT/n1559 /AES128_TB/DUT/n1560 /AES128_TB/DUT/n1561 /AES128_TB/DUT/n1562 /AES128_TB/DUT/n1563 /AES128_TB/DUT/n1564 /AES128_TB/DUT/n1565 /AES128_TB/DUT/n1566 /AES128_TB/DUT/n1567 /AES128_TB/DUT/n1568 /AES128_TB/DUT/n1569 /AES128_TB/DUT/n1570 /AES128_TB/DUT/n1571 /AES128_TB/DUT/n1572 /AES128_TB/DUT/n1573 /AES128_TB/DUT/n1574 /AES128_TB/DUT/n1575 /AES128_TB/DUT/n1576 /AES128_TB/DUT/n1577 /AES128_TB/DUT/n1578 /AES128_TB/DUT/n1579 /AES128_TB/DUT/n1580 /AES128_TB/DUT/n1581 /AES128_TB/DUT/n1582 /AES128_TB/DUT/n1583 /AES128_TB/DUT/n1584 /AES128_TB/DUT/n1585 /AES128_TB/DUT/n1586 /AES128_TB/DUT/n1587 /AES128_TB/DUT/n1588 /AES128_TB/DUT/n1589 /AES128_TB/DUT/n1590 /AES128_TB/DUT/n1591 /AES128_TB/DUT/n1592 /AES128_TB/DUT/n1593 /AES128_TB/DUT/n1594 /AES128_TB/DUT/n1595 /AES128_TB/DUT/n1596 /AES128_TB/DUT/n1597 /AES128_TB/DUT/n1598 /AES128_TB/DUT/n1599 /AES128_TB/DUT/n1600 /AES128_TB/DUT/n1601 /AES128_TB/DUT/n1602 /AES128_TB/DUT/n1603 /AES128_TB/DUT/n1604 /AES128_TB/DUT/n1605 /AES128_TB/DUT/n1606 /AES128_TB/DUT/n1607 /AES128_TB/DUT/n1608 /AES128_TB/DUT/n1609 /AES128_TB/DUT/n1610 /AES128_TB/DUT/n1611 /AES128_TB/DUT/n1612 /AES128_TB/DUT/n1613 /AES128_TB/DUT/n1614 /AES128_TB/DUT/n1615 /AES128_TB/DUT/n1616 /AES128_TB/DUT/n1617 /AES128_TB/DUT/n1618 /AES128_TB/DUT/n1619 /AES128_TB/DUT/n1620 /AES128_TB/DUT/n1621 /AES128_TB/DUT/n1622 /AES128_TB/DUT/n1623 /AES128_TB/DUT/n1624 /AES128_TB/DUT/n1625 /AES128_TB/DUT/n1626 /AES128_TB/DUT/n1627 /AES128_TB/DUT/n1628 /AES128_TB/DUT/n1629 /AES128_TB/DUT/n1630 /AES128_TB/DUT/n1631 /AES128_TB/DUT/n1632 /AES128_TB/DUT/n1633 /AES128_TB/DUT/n1634 /AES128_TB/DUT/n1635 /AES128_TB/DUT/n1636 /AES128_TB/DUT/n1637 /AES128_TB/DUT/n1638 /AES128_TB/DUT/n1639 /AES128_TB/DUT/n1640 /AES128_TB/DUT/n1641 /AES128_TB/DUT/n1642 /AES128_TB/DUT/n1643 /AES128_TB/DUT/n1644 /AES128_TB/DUT/n1645 /AES128_TB/DUT/n1646 /AES128_TB/DUT/n1647 /AES128_TB/DUT/n1648 /AES128_TB/DUT/n1649 /AES128_TB/DUT/n1650 /AES128_TB/DUT/n1651 /AES128_TB/DUT/n1652 /AES128_TB/DUT/n1653 /AES128_TB/DUT/n1654 /AES128_TB/DUT/n1655 /AES128_TB/DUT/n1656 /AES128_TB/DUT/n1657 /AES128_TB/DUT/n1658 /AES128_TB/DUT/n1659 /AES128_TB/DUT/n1660 /AES128_TB/DUT/n1661 /AES128_TB/DUT/n1662 /AES128_TB/DUT/n1663 /AES128_TB/DUT/n1664 /AES128_TB/DUT/n1665 /AES128_TB/DUT/n1666 /AES128_TB/DUT/n1667 /AES128_TB/DUT/n1668 /AES128_TB/DUT/n1669 /AES128_TB/DUT/n1670 /AES128_TB/DUT/n1671 /AES128_TB/DUT/n1672 /AES128_TB/DUT/n1673 /AES128_TB/DUT/n1674 /AES128_TB/DUT/n1675 /AES128_TB/DUT/n1676 /AES128_TB/DUT/n1677 /AES128_TB/DUT/n1678 /AES128_TB/DUT/n1679 /AES128_TB/DUT/n1680 /AES128_TB/DUT/n1681 /AES128_TB/DUT/n1682 /AES128_TB/DUT/n1683 /AES128_TB/DUT/n1684 /AES128_TB/DUT/n1685 /AES128_TB/DUT/n1686 /AES128_TB/DUT/n1687 /AES128_TB/DUT/n1688 /AES128_TB/DUT/n1689 /AES128_TB/DUT/n1690 /AES128_TB/DUT/n1691 /AES128_TB/DUT/n1692 /AES128_TB/DUT/n1693 /AES128_TB/DUT/n1694 /AES128_TB/DUT/n1695 /AES128_TB/DUT/n1696 /AES128_TB/DUT/n1697 /AES128_TB/DUT/n1698 /AES128_TB/DUT/n1699 /AES128_TB/DUT/n1700 /AES128_TB/DUT/n1701 /AES128_TB/DUT/n1702 /AES128_TB/DUT/n1703 /AES128_TB/DUT/n1704 /AES128_TB/DUT/n1705 /AES128_TB/DUT/n1706 /AES128_TB/DUT/n1707 /AES128_TB/DUT/n1708 /AES128_TB/DUT/n1709 /AES128_TB/DUT/n1710 /AES128_TB/DUT/n1711 /AES128_TB/DUT/n1712 /AES128_TB/DUT/n1713 /AES128_TB/DUT/n1714 /AES128_TB/DUT/n1715 /AES128_TB/DUT/n1716 /AES128_TB/DUT/n1717 /AES128_TB/DUT/n1718 /AES128_TB/DUT/n1719 /AES128_TB/DUT/n1720 /AES128_TB/DUT/n1721 /AES128_TB/DUT/n1722 /AES128_TB/DUT/n1723 /AES128_TB/DUT/n1724 /AES128_TB/DUT/n1725 /AES128_TB/DUT/n1726 /AES128_TB/DUT/n1727 /AES128_TB/DUT/n1728 /AES128_TB/DUT/n1729 /AES128_TB/DUT/n1730 /AES128_TB/DUT/n1731 /AES128_TB/DUT/n1732 /AES128_TB/DUT/n1733 /AES128_TB/DUT/n1734 /AES128_TB/DUT/n1735 /AES128_TB/DUT/n1736 /AES128_TB/DUT/n1737 /AES128_TB/DUT/n1738 /AES128_TB/DUT/n1739 /AES128_TB/DUT/n1740 /AES128_TB/DUT/n1741 /AES128_TB/DUT/n1742 /AES128_TB/DUT/n1743 /AES128_TB/DUT/n1744 /AES128_TB/DUT/n1745 /AES128_TB/DUT/n1746 /AES128_TB/DUT/n1747 /AES128_TB/DUT/n1748 /AES128_TB/DUT/n1749 /AES128_TB/DUT/n1750 /AES128_TB/DUT/n1751 /AES128_TB/DUT/n1752 /AES128_TB/DUT/n1753 /AES128_TB/DUT/n1754 /AES128_TB/DUT/n1755 /AES128_TB/DUT/n1756 /AES128_TB/DUT/n1757 /AES128_TB/DUT/n1758 /AES128_TB/DUT/n1759 /AES128_TB/DUT/n1760 /AES128_TB/DUT/n1761 /AES128_TB/DUT/n1762 /AES128_TB/DUT/n1763 /AES128_TB/DUT/n1764 /AES128_TB/DUT/n1765 /AES128_TB/DUT/n1766 /AES128_TB/DUT/n1767 /AES128_TB/DUT/n1768 /AES128_TB/DUT/n1769 /AES128_TB/DUT/n1770 /AES128_TB/DUT/n1771 /AES128_TB/DUT/n1772 /AES128_TB/DUT/n1773 /AES128_TB/DUT/n1774 /AES128_TB/DUT/n1775 /AES128_TB/DUT/n1776 /AES128_TB/DUT/n1777 /AES128_TB/DUT/n1778 /AES128_TB/DUT/n1779 /AES128_TB/DUT/n1780 /AES128_TB/DUT/n1781 /AES128_TB/DUT/n1782 /AES128_TB/DUT/n1783 /AES128_TB/DUT/n1784 /AES128_TB/DUT/n1785 /AES128_TB/DUT/n1786 /AES128_TB/DUT/n1787 /AES128_TB/DUT/n1788 /AES128_TB/DUT/n1789 /AES128_TB/DUT/n17... (31425 chars skipped)
17:50:48    48 --> ...                                                                                              [tcl] synopsys::run -relative 9000.000000ns
17:50:48    49 --> ...                                                                                                  [tcl] set ucliGUI::state
17:50:48    50 --> ...  [tcl] gui_update_simulator_buttons
17:50:48    51 --> ...      [tcl] set ucliGUI::state
17:50:48    52 --> ...          [tcl] set ucliGUI::state
17:50:48    53 --> ...              [tcl] set ucliGUI::state
17:50:48    54 --> ...                  [tcl] set ucliGUI::state
17:50:48    55 --> ...                      [tcl] catch {senv activeDomain} dveMisc::result 
17:50:48    56 --> ...                          [tcl] set dveMisc::result
17:50:48    57 --> ...                              [tcl] gui_update_simulator_buttons
17:50:48    58 --> ...                                  [tcl] synopsys::xml get_stop_data
17:50:52    59 --> ...                                      [tcl] synopsys::run -relative 9000.000000ns
17:50:52    60 --> ...                                          [tcl] set ucliGUI::state
17:50:52    61 --> ...                                              [tcl] gui_update_simulator_buttons
17:50:52    62 --> ...                                                  [tcl] set ucliGUI::state
17:50:52    63 --> ...                                                      [tcl] set ucliGUI::state
17:50:52    64 --> ...                                                          [tcl] set ucliGUI::state
17:50:52    65 --> ...                                                              [tcl] set ucliGUI::state
17:50:52    66 --> ...                                                                  [tcl] catch {senv activeDomain} dveMisc::result 
17:50:52    67 --> ...                                                                      [tcl] set dveMisc::result
17:50:52    68 --> ...                                                                          [tcl] gui_update_simulator_buttons
17:50:53    69 --> ...                                                                              [tcl] synopsys::xml get_stop_data
17:52:31    70 --> ...                                                                                  [tcl] synopsys::run -relative 9000.000000ns
17:52:31    71 --> ...                                                                                      [tcl] set ucliGUI::state
17:52:31    72 --> ...                                                                                          [tcl] gui_update_simulator_buttons
17:52:31    73 --> ...                                                                                              [tcl] set ucliGUI::state
17:52:31    74 --> ...                                                                                                  [tcl] set ucliGUI::state
17:52:31    75 --> ...  [tcl] set ucliGUI::state
17:52:31    76 --> ...      [tcl] set ucliGUI::state
17:52:31    77 --> ...          [tcl] catch {senv activeDomain} dveMisc::result 
17:52:31    78 --> ...              [tcl] set dveMisc::result
17:52:31    79 --> ...                  [tcl] gui_update_simulator_buttons
17:52:31    80 --> ...                      [tcl] synopsys::xml get_stop_data
17:53:03    81 --> ...                          [tcl] synopsys::run -relative 9000.000000ns
17:53:03    82 --> ...                              [tcl] set ucliGUI::state
17:53:03    83 --> ...                                  [tcl] gui_update_simulator_buttons
17:53:03    84 --> ...                                      [tcl] set ucliGUI::state
17:53:03    85 --> ...                                          [tcl] set ucliGUI::state
17:53:03    86 --> ...                                              [tcl] set ucliGUI::state
17:53:03    87 --> ...                                                  [tcl] set ucliGUI::state
17:53:03    88 --> ...                                                      [tcl] catch {senv activeDomain} dveMisc::result 
17:53:03    89 --> ...                                                          [tcl] set dveMisc::result
17:53:03    90 --> ...                                                              [tcl] gui_update_simulator_buttons
17:53:04    91 --> ...                                                                  [tcl] synopsys::xml get_stop_data
17:53:05    92 --> ...                                                                      [tcl] synopsys::run -relative 9000.000000ns
17:53:05    93 --> ...                                                                          [tcl] set ucliGUI::state
17:53:05    94 --> ...                                                                              [tcl] gui_update_simulator_buttons
17:53:05    95 --> ...                                                                                  [tcl] set ucliGUI::state
17:53:05    96 --> ...                                                                                      [tcl] set ucliGUI::state
17:53:05    97 --> ...                                                                                          [tcl] set ucliGUI::state
17:53:05    98 --> ...                                                                                              [tcl] set ucliGUI::state
17:53:05    99 --> ...                                                                                                  [tcl] catch {senv activeDomain} dveMisc::result 
17:53:05    100 --> ...  [tcl] set dveMisc::result
17:53:05    101 --> ...      [tcl] gui_update_simulator_buttons
17:53:06    102 --> ...          [tcl] synopsys::xml get_stop_data
17:53:07    103 --> ...              [tcl] synopsys::run -relative 9000.000000ns
17:53:07    104 --> ...                  [tcl] set ucliGUI::state
17:53:07    105 --> ...                      [tcl] gui_update_simulator_buttons
17:53:07    106 --> ...                          [tcl] set ucliGUI::state
17:53:07    107 --> ...                              [tcl] set ucliGUI::state
17:53:07    108 --> ...                                  [tcl] set ucliGUI::state
17:53:07    109 --> ...                                      [tcl] set ucliGUI::state
17:53:07    110 --> ...                                          [tcl] catch {senv activeDomain} dveMisc::result 
17:53:07    111 --> ...                                              [tcl] set dveMisc::result
17:53:07    112 --> ...                                                  [tcl] gui_update_simulator_buttons
17:53:07    113 --> ...                                                      [tcl] synopsys::xml get_stop_data
17:53:08    114 --> ...                                                          [tcl] synopsys::run -relative 9000.000000ns
17:53:08    115 --> ...                                                              [tcl] set ucliGUI::state
17:53:08    116 --> ...                                                                  [tcl] gui_update_simulator_buttons
17:53:08    117 --> ...                                                                      [tcl] set ucliGUI::state
17:53:08    118 --> ...                                                                          [tcl] set ucliGUI::state
17:53:08    119 --> ...                                                                              [tcl] set ucliGUI::state
17:53:08    120 --> ...                                                                                  [tcl] set ucliGUI::state
17:53:08    121 --> ...                                                                                      [tcl] catch {senv activeDomain} dveMisc::result 
17:53:08    122 --> ...                                                                                          [tcl] set dveMisc::result
17:53:08    123 --> ...                                                                                              [tcl] gui_update_simulator_buttons
17:53:09    124 --> ...                                                                                                  [tcl] synopsys::xml get_stop_data
17:53:09    125 --> ...  [tcl] synopsys::run -relative 9000.000000ns
17:53:09    126 --> ...      [tcl] set ucliGUI::state
17:53:09    127 --> ...          [tcl] gui_update_simulator_buttons
17:53:09    128 --> ...              [tcl] set ucliGUI::state
17:53:09    129 --> ...                  [tcl] set ucliGUI::state
17:53:09    130 --> ...                      [tcl] set ucliGUI::state
17:53:09    131 --> ...                          [tcl] set ucliGUI::state
17:53:09    132 --> ...                              [tcl] catch {senv activeDomain} dveMisc::result 
17:53:09    133 --> ...                                  [tcl] set dveMisc::result
17:53:09    134 --> ...                                      [tcl] gui_update_simulator_buttons
17:53:10    135 --> ...                                          [tcl] synopsys::xml get_stop_data
17:53:10    136 --> ...                                              [tcl] synopsys::run -relative 9000.000000ns
17:53:10    137 --> ...                                                  [tcl] set ucliGUI::state
17:53:10    138 --> ...                                                      [tcl] gui_update_simulator_buttons
17:53:11    139 --> ...                                                          [tcl] set ucliGUI::state
17:53:11    140 --> ...                                                              [tcl] set ucliGUI::state
17:53:11    141 --> ...                                                                  [tcl] set ucliGUI::state
17:53:11    142 --> ...                                                                      [tcl] set ucliGUI::state
17:53:11    143 --> ...                                                                          [tcl] catch {senv activeDomain} dveMisc::result 
17:53:11    144 --> ...                                                                              [tcl] set dveMisc::result
17:53:11    145 --> ...                                                                                  [tcl] gui_update_simulator_buttons
17:53:11    146 --> ...                                                                                      [tcl] synopsys::xml get_stop_data
17:53:12    147 --> ...                                                                                          [tcl] synopsys::run -relative 9000.000000ns
17:53:12    148 --> ...                                                                                              [tcl] set ucliGUI::state
17:53:12    149 --> ...                                                                                                  [tcl] gui_update_simulator_buttons
17:53:12    150 --> ...  [tcl] set ucliGUI::state
17:53:12    151 --> ...      [tcl] set ucliGUI::state
17:53:12    152 --> ...          [tcl] set ucliGUI::state
17:53:12    153 --> ...              [tcl] set ucliGUI::state
17:53:12    154 --> ...                  [tcl] catch {senv activeDomain} dveMisc::result 
17:53:12    155 --> ...                      [tcl] set dveMisc::result
17:53:12    156 --> ...                          [tcl] gui_update_simulator_buttons
17:53:12    157 --> ...                              [tcl] synopsys::xml get_stop_data
17:53:13    158 --> ...                                  [tcl] synopsys::run -relative 9000.000000ns
17:53:13    159 --> ...                                      [tcl] set ucliGUI::state
17:53:13    160 --> ...                                          [tcl] gui_update_simulator_buttons
17:53:13    161 --> ...                                              [tcl] set ucliGUI::state
17:53:13    162 --> ...                                                  [tcl] set ucliGUI::state
17:53:13    163 --> ...                                                      [tcl] set ucliGUI::state
17:53:13    164 --> ...                                                          [tcl] set ucliGUI::state
17:53:13    165 --> ...                                                              [tcl] catch {senv activeDomain} dveMisc::result 
17:53:13    166 --> ...                                                                  [tcl] set dveMisc::result
17:53:13    167 --> ...                                                                      [tcl] gui_update_simulator_buttons
17:53:14    168 --> ...                                                                          [tcl] synopsys::xml get_stop_data
17:53:14    169 --> ...                                                                              [tcl] synopsys::run -relative 9000.000000ns
17:53:14    170 --> ...                                                                                  [tcl] set ucliGUI::state
17:53:14    171 --> ...                                                                                      [tcl] gui_update_simulator_buttons
17:53:14    172 --> ...                                                                                          [tcl] set ucliGUI::state
17:53:14    173 --> ...                                                                                              [tcl] set ucliGUI::state
17:53:14    174 --> ...                                                                                                  [tcl] set ucliGUI::state
17:53:14    175 --> ...  [tcl] set ucliGUI::state
17:53:14    176 --> ...      [tcl] catch {senv activeDomain} dveMisc::result 
17:53:14    177 --> ...          [tcl] set dveMisc::result
17:53:14    178 --> ...              [tcl] gui_update_simulator_buttons
17:53:15    179 --> ...                  [tcl] synopsys::xml get_stop_data
17:53:16    180 --> ...                      [tcl] synopsys::run -relative 9000.000000ns
17:53:16    181 --> ...                          [tcl] set ucliGUI::state
17:53:16    182 --> ...                              [tcl] gui_update_simulator_buttons
17:53:16    183 --> ...                                  [tcl] set ucliGUI::state
17:53:16    184 --> ...                                      [tcl] set ucliGUI::state
17:53:16    185 --> ...                                          [tcl] set ucliGUI::state
17:53:16    186 --> ...                                              [tcl] set ucliGUI::state
17:53:16    187 --> ...                                                  [tcl] catch {senv activeDomain} dveMisc::result 
17:53:16    188 --> ...                                                      [tcl] set dveMisc::result
17:53:16    189 --> ...                                                          [tcl] gui_update_simulator_buttons
17:53:16    190 --> ...                                                              [tcl] synopsys::xml get_stop_data
17:53:17    191 --> ...                                                                  [tcl] synopsys::run -relative 9000.000000ns
17:53:17    192 --> ...                                                                      [tcl] set ucliGUI::state
17:53:17    193 --> ...                                                                          [tcl] gui_update_simulator_buttons
17:53:17    194 --> ...                                                                              [tcl] set ucliGUI::state
17:53:17    195 --> ...                                                                                  [tcl] set ucliGUI::state
17:53:17    196 --> ...                                                                                      [tcl] set ucliGUI::state
17:53:17    197 --> ...                                                                                          [tcl] set ucliGUI::state
17:53:17    198 --> ...                                                                                              [tcl] catch {senv activeDomain} dveMisc::result 
17:53:17    199 --> ...                                                                                                  [tcl] set dveMisc::result
17:53:17    200 --> ...  [tcl] gui_update_simulator_buttons
17:53:18    201 --> ...      [tcl] synopsys::xml get_stop_data
17:53:18    202 --> ...          [tcl] synopsys::run -relative 9000.000000ns
17:53:18    203 --> ...              [tcl] set ucliGUI::state
17:53:18    204 --> ...                  [tcl] gui_update_simulator_buttons
17:53:18    205 --> ...                      [tcl] set ucliGUI::state
17:53:18    206 --> ...                          [tcl] set ucliGUI::state
17:53:18    207 --> ...                              [tcl] set ucliGUI::state
17:53:18    208 --> ...                                  [tcl] set ucliGUI::state
17:53:18    209 --> ...                                      [tcl] catch {senv activeDomain} dveMisc::result 
17:53:18    210 --> ...                                          [tcl] set dveMisc::result
17:53:18    211 --> ...                                              [tcl] gui_update_simulator_buttons
17:53:19    212 --> ...                                                  [tcl] synopsys::xml get_stop_data
17:53:19    213 --> ...                                                      [tcl] synopsys::run -relative 9000.000000ns
17:53:19    214 --> ...                                                          [tcl] set ucliGUI::state
17:53:19    215 --> ...                                                              [tcl] gui_update_simulator_buttons
17:53:19    216 --> ...                                                                  [tcl] set ucliGUI::state
17:53:19    217 --> ...                                                                      [tcl] set ucliGUI::state
17:53:20    218 --> ...                                                                          [tcl] set ucliGUI::state
17:53:20    219 --> ...                                                                              [tcl] set ucliGUI::state
17:53:20    220 --> ...                                                                                  [tcl] catch {senv activeDomain} dveMisc::result 
17:53:20    221 --> ...                                                                                      [tcl] set dveMisc::result
17:53:20    222 --> ...                                                                                          [tcl] gui_update_simulator_buttons
17:53:20    223 --> ...                                                                                              [tcl] synopsys::xml get_stop_data
17:53:21    224 --> ...                                                                                                  [tcl] synopsys::run -relative 9000.000000ns
17:53:21    225 --> ...  [tcl] set ucliGUI::state
17:53:21    226 --> ...      [tcl] gui_update_simulator_buttons
17:53:21    227 --> ...          [tcl] set ucliGUI::state
17:53:21    228 --> ...              [tcl] set ucliGUI::state
17:53:21    229 --> ...                  [tcl] set ucliGUI::state
17:53:21    230 --> ...                      [tcl] set ucliGUI::state
17:53:21    231 --> ...                          [tcl] catch {senv activeDomain} dveMisc::result 
17:53:21    232 --> ...                              [tcl] set dveMisc::result
17:53:21    233 --> ...                                  [tcl] gui_update_simulator_buttons
17:53:21    234 --> ...                                      [tcl] synopsys::xml get_stop_data
17:53:22    235 --> ...                                          [tcl] synopsys::run -relative 9000.000000ns
17:53:22    236 --> ...                                              [tcl] set ucliGUI::state
17:53:22    237 --> ...                                                  [tcl] gui_update_simulator_buttons
17:53:22    238 --> ...                                                      [tcl] set ucliGUI::state
17:53:22    239 --> ...                                                          [tcl] set ucliGUI::state
17:53:22    240 --> ...                                                              [tcl] set ucliGUI::state
17:53:22    241 --> ...                                                                  [tcl] set ucliGUI::state
17:53:22    242 --> ...                                                                      [tcl] catch {senv activeDomain} dveMisc::result 
17:53:22    243 --> ...                                                                          [tcl] set dveMisc::result
17:53:22    244 --> ...                                                                              [tcl] gui_update_simulator_buttons
17:53:22    245 --> ...                                                                                  [tcl] synopsys::xml get_stop_data
17:53:23    246 --> ...                                                                                      [tcl] synopsys::run -relative 9000.000000ns
17:53:23    247 --> ...                                                                                          [tcl] set ucliGUI::state
17:53:23    248 --> ...                                                                                              [tcl] gui_update_simulator_buttons
17:53:23    249 --> ...                                                                                                  [tcl] set ucliGUI::state
17:53:23    250 --> ...  [tcl] set ucliGUI::state
17:53:23    251 --> ...      [tcl] set ucliGUI::state
17:53:23    252 --> ...          [tcl] set ucliGUI::state
17:53:23    253 --> ...              [tcl] catch {senv activeDomain} dveMisc::result 
17:53:23    254 --> ...                  [tcl] set dveMisc::result
17:53:23    255 --> ...                      [tcl] gui_update_simulator_buttons
17:53:23    256 --> ...                          [tcl] synopsys::xml get_stop_data
17:53:34    257 --> ...                              [tcl] synopsys::run -relative 20000.000000ns
17:53:34    258 --> ...                                  [tcl] set ucliGUI::state
17:53:34    259 --> ...                                      [tcl] gui_update_simulator_buttons
17:53:34    260 --> ...                                          [tcl] set ucliGUI::state
17:53:34    261 --> ...                                              [tcl] set ucliGUI::state
17:53:34    262 --> ...                                                  [tcl] set ucliGUI::state
17:53:34    263 --> ...                                                      [tcl] set ucliGUI::state
17:53:34    264 --> ...                                                          [tcl] catch {senv activeDomain} dveMisc::result 
17:53:34    265 --> ...                                                              [tcl] set dveMisc::result
17:53:34    266 --> ...                                                                  [tcl] gui_update_simulator_buttons
17:53:34    267 --> ...                                                                      [tcl] synopsys::xml get_stop_data
17:53:35    268 --> ...                                                                          [tcl] synopsys::run -relative 20000.000000ns
17:53:35    269 --> ...                                                                              [tcl] set ucliGUI::state
17:53:35    270 --> ...                                                                                  [tcl] gui_update_simulator_buttons
17:53:35    271 --> ...                                                                                      [tcl] set ucliGUI::state
17:53:35    272 --> ...                                                                                          [tcl] set ucliGUI::state
17:53:35    273 --> ...                                                                                              [tcl] set ucliGUI::state
17:53:35    274 --> ...                                                                                                  [tcl] set ucliGUI::state
17:53:35    275 --> ...  [tcl] catch {senv activeDomain} dveMisc::result 
17:53:35    276 --> ...      [tcl] set dveMisc::result
17:53:35    277 --> ...          [tcl] gui_update_simulator_buttons
17:53:35    278 --> ...              [tcl] synopsys::xml get_stop_data
17:53:36    279 --> ...                  [tcl] synopsys::run -relative 20000.000000ns
17:53:36    280 --> ...                      [tcl] set ucliGUI::state
17:53:36    281 --> ...                          [tcl] gui_update_simulator_buttons
17:53:36    282 --> ...                              [tcl] set ucliGUI::state
17:53:36    283 --> ...                                  [tcl] set ucliGUI::state
17:53:36    284 --> ...                                      [tcl] set ucliGUI::state
17:53:36    285 --> ...                                          [tcl] set ucliGUI::state
17:53:36    286 --> ...                                              [tcl] catch {senv activeDomain} dveMisc::result 
17:53:36    287 --> ...                                                  [tcl] set dveMisc::result
17:53:36    288 --> ...                                                      [tcl] gui_update_simulator_buttons
17:53:37    289 --> ...                                                          [tcl] synopsys::xml get_stop_data
18:41:11    290 --> ...                                                              [tcl] if [catch {gui_sim_terminate}] {gui_sim_terminate -kill}
18:41:11    291 --> ...                                                                  [tcl] synopsys::finish
18:41:11    292 --> ...                                                                      [tcl] set ucliGUI::state
18:41:11    293 --> ...                                                                          [tcl] gui_update_simulator_buttons
18:41:12    294 --> ...                                                                              [tcl] set ucliGUI::state
18:41:12    295 --> ...                                                                                  [tcl] catch {senv activeDomain} dveMisc::result 
18:41:12    296 --> ...                                                                                      [tcl] set dveMisc::result
18:41:12    297 --> ...                                                                                          [tcl] gui_update_simulator_buttons
18:41:12    298 --> ...                                                                                              [tcl] catch {senv activeDomain} dveMisc::result 
18:41:12    299 --> ...                                                                                                  [tcl] set dveMisc::result
18:41:12    300 --> ...  [tcl] ucli_exit
